#
# There is insufficient memory for the Java Runtime Environment to continue.
# Native memory allocation (malloc) failed to allocate 32744 bytes for ChunkPool::allocate
# Possible reasons:
#   The system is out of physical RAM or swap space
#   The process is running with CompressedOops enabled, and the Java Heap may be blocking the growth of the native heap
# Possible solutions:
#   Reduce memory load on the system
#   Increase physical memory or swap space
#   Check if swap backing store is full
#   Decrease Java heap size (-Xmx/-Xms)
#   Decrease number of Java threads
#   Decrease Java thread stack sizes (-Xss)
#   Set larger code cache with -XX:ReservedCodeCacheSize=
#   JVM is running with Unscaled Compressed Oops mode in which the Java heap is
#     placed in the first 4GB address space. The Java Heap base address is the
#     maximum limit for the native heap growth. Please use -XX:HeapBaseMinAddress
#     to set the Java Heap base and to place the Java Heap above 4GB virtual address.
# This output file may be truncated or incomplete.
#
#  Out of Memory Error (arena.cpp:78), pid=13300, tid=1636
#
# JRE version: Java(TM) SE Runtime Environment (17.0.4+11) (build 17.0.4+11-LTS-179)
# Java VM: Java HotSpot(TM) 64-Bit Server VM (17.0.4+11-LTS-179, mixed mode, sharing, tiered, compressed oops, compressed class ptrs, g1 gc, windows-amd64)
# No core dump will be written. Minidumps are not enabled by default on client versions of Windows
#

---------------  S U M M A R Y ------------

Command Line: -Dorg.gradle.internal.worker.tmpdir=C:\Users\David\IdeaProjects\Proyecto_final_avanzada\build\tmp\test\work -Dorg.gradle.native=false -Xmx512m -Dfile.encoding=windows-1252 -Duser.country=CO -Duser.language=es -Duser.variant -ea worker.org.gradle.process.internal.worker.GradleWorkerMain 'Gradle Test Executor 1'

Host: AMD Ryzen 3 2300U with Radeon Vega Mobile Gfx  , 4 cores, 3G,  Windows 11 , 64 bit Build 22621 (10.0.22621.3139)
Time: Fri Mar  1 22:58:57 2024 Hora est. Pacífico, Sudamérica elapsed time: 6.000934 seconds (0d 0h 0m 6s)

---------------  T H R E A D  ---------------

Current thread (0x00000253f111f960):  JavaThread "C2 CompilerThread0" daemon [_thread_in_native, id=1636, stack(0x0000005acd900000,0x0000005acda00000)]


Current CompileTask:
C2:   6001 1703       4       jdk.internal.org.objectweb.asm.Frame::execute (2305 bytes)

Stack: [0x0000005acd900000,0x0000005acda00000]
Native frames: (J=compiled Java code, j=interpreted, Vv=VM code, C=native code)
V  [jvm.dll+0x6723da]
V  [jvm.dll+0x7d1f74]
V  [jvm.dll+0x7d371e]
V  [jvm.dll+0x7d3d83]
V  [jvm.dll+0x242ed5]
V  [jvm.dll+0xaa7c0]
V  [jvm.dll+0xaab0c]
V  [jvm.dll+0x11bb88]
V  [jvm.dll+0x69b891]
V  [jvm.dll+0x1b9fe4]
V  [jvm.dll+0x216149]
V  [jvm.dll+0x215411]
V  [jvm.dll+0x1a1fcd]
V  [jvm.dll+0x224c78]
V  [jvm.dll+0x222de5]
V  [jvm.dll+0x787a5b]
V  [jvm.dll+0x78201a]
V  [jvm.dll+0x671265]
C  [ucrtbase.dll+0x29363]
C  [KERNEL32.DLL+0x1257d]
C  [ntdll.dll+0x5aa58]


---------------  P R O C E S S  ---------------

Threads class SMR info:
_java_thread_list=0x00000253f24b30b0, length=15, elements={
0x00000253d522b8e0, 0x00000253f10fe0d0, 0x00000253f1101f60, 0x00000253f111a7a0,
0x00000253f111b350, 0x00000253f111de10, 0x00000253f111e7c0, 0x00000253f111f960,
0x00000253f1120400, 0x00000253f1124250, 0x00000253f1c65420, 0x00000253f1c72160,
0x00000253f23872e0, 0x00000253f247c560, 0x00000253f247ca30
}

Java Threads: ( => current thread )
  0x00000253d522b8e0 JavaThread "Test worker" [_thread_in_native, id=900, stack(0x0000005accc00000,0x0000005accd00000)]
  0x00000253f10fe0d0 JavaThread "Reference Handler" daemon [_thread_blocked, id=2496, stack(0x0000005acd300000,0x0000005acd400000)]
  0x00000253f1101f60 JavaThread "Finalizer" daemon [_thread_blocked, id=3396, stack(0x0000005acd400000,0x0000005acd500000)]
  0x00000253f111a7a0 JavaThread "Signal Dispatcher" daemon [_thread_blocked, id=10948, stack(0x0000005acd500000,0x0000005acd600000)]
  0x00000253f111b350 JavaThread "Attach Listener" daemon [_thread_blocked, id=4624, stack(0x0000005acd600000,0x0000005acd700000)]
  0x00000253f111de10 JavaThread "Service Thread" daemon [_thread_blocked, id=10260, stack(0x0000005acd700000,0x0000005acd800000)]
  0x00000253f111e7c0 JavaThread "Monitor Deflation Thread" daemon [_thread_blocked, id=11104, stack(0x0000005acd800000,0x0000005acd900000)]
=>0x00000253f111f960 JavaThread "C2 CompilerThread0" daemon [_thread_in_native, id=1636, stack(0x0000005acd900000,0x0000005acda00000)]
  0x00000253f1120400 JavaThread "C1 CompilerThread0" daemon [_thread_blocked, id=11840, stack(0x0000005acda00000,0x0000005acdb00000)]
  0x00000253f1124250 JavaThread "Sweeper thread" daemon [_thread_blocked, id=4024, stack(0x0000005acdb00000,0x0000005acdc00000)]
  0x00000253f1c65420 JavaThread "Notification Thread" daemon [_thread_blocked, id=13188, stack(0x0000005acdc00000,0x0000005acdd00000)]
  0x00000253f1c72160 JavaThread "Common-Cleaner" daemon [_thread_blocked, id=12252, stack(0x0000005acde00000,0x0000005acdf00000)]
  0x00000253f23872e0 JavaThread "/127.0.0.1:50777 to /127.0.0.1:50775 workers" [_thread_blocked, id=7656, stack(0x0000005ace400000,0x0000005ace500000)]
  0x00000253f247c560 JavaThread "/127.0.0.1:50777 to /127.0.0.1:50775 workers Thread 2" [_thread_blocked, id=11336, stack(0x0000005ace500000,0x0000005ace600000)]
  0x00000253f247ca30 JavaThread "/127.0.0.1:50777 to /127.0.0.1:50775 workers Thread 3" [_thread_in_native, id=12772, stack(0x0000005ace600000,0x0000005ace700000)]

Other Threads:
  0x00000253f10f9d40 VMThread "VM Thread" [stack: 0x0000005acd200000,0x0000005acd300000] [id=13056]
  0x00000253f1c6bd10 WatcherThread [stack: 0x0000005acdd00000,0x0000005acde00000] [id=5900]
  0x00000253d5257a80 GCTaskThread "GC Thread#0" [stack: 0x0000005accd00000,0x0000005acce00000] [id=7404]
  0x00000253f2323550 GCTaskThread "GC Thread#1" [stack: 0x0000005acdf00000,0x0000005ace000000] [id=10368]
  0x00000253f23240a0 GCTaskThread "GC Thread#2" [stack: 0x0000005ace000000,0x0000005ace100000] [id=10716]
  0x00000253f233f880 GCTaskThread "GC Thread#3" [stack: 0x0000005ace100000,0x0000005ace200000] [id=2120]
  0x00000253d525c9c0 ConcurrentGCThread "G1 Main Marker" [stack: 0x0000005acce00000,0x0000005accf00000] [id=4368]
  0x00000253d525f3f0 ConcurrentGCThread "G1 Conc#0" [stack: 0x0000005accf00000,0x0000005acd000000] [id=6108]
  0x00000253d5298f00 ConcurrentGCThread "G1 Refine#0" [stack: 0x0000005acd000000,0x0000005acd100000] [id=3048]
  0x00000253f233fb30 ConcurrentGCThread "G1 Refine#1" [stack: 0x0000005ace200000,0x0000005ace300000] [id=13272]
  0x00000253d5299920 ConcurrentGCThread "G1 Service" [stack: 0x0000005acd100000,0x0000005acd200000] [id=9544]

Threads with active compile tasks:
C2 CompilerThread0     6215 1703       4       jdk.internal.org.objectweb.asm.Frame::execute (2305 bytes)

VM state: not at safepoint (normal execution)

VM Mutex/Monitor currently owned by a thread: None

Heap address: 0x00000000e0000000, size: 512 MB, Compressed Oops mode: 32-bit

CDS archive(s) mapped at: [0x0000000800000000-0x0000000800bc0000-0x0000000800bc0000), size 12320768, SharedBaseAddress: 0x0000000800000000, ArchiveRelocationMode: 0.
Compressed class space mapped at: 0x0000000800c00000-0x0000000840c00000, reserved size: 1073741824
Narrow klass base: 0x0000000800000000, Narrow klass shift: 0, Narrow klass range: 0x100000000

GC Precious Log:
 CPUs: 4 total, 4 available
 Memory: 3539M
 Large Page Support: Disabled
 NUMA Support: Disabled
 Compressed Oops: Enabled (32-bit)
 Heap Region Size: 1M
 Heap Min Capacity: 8M
 Heap Initial Capacity: 56M
 Heap Max Capacity: 512M
 Pre-touch: Disabled
 Parallel Workers: 4
 Concurrent Workers: 1
 Concurrent Refinement Workers: 4
 Periodic GC: Disabled

Heap:
 garbage-first heap   total 57344K, used 18298K [0x00000000e0000000, 0x0000000100000000)
  region size 1024K, 13 young (13312K), 3 survivors (3072K)
 Metaspace       used 11636K, committed 11904K, reserved 1064960K
  class space    used 1538K, committed 1664K, reserved 1048576K

Heap Regions: E=young(eden), S=young(survivor), O=old, HS=humongous(starts), HC=humongous(continues), CS=collection set, F=free, OA=open archive, CA=closed archive, TAMS=top-at-mark-start (previous, next)
|   0|0x00000000e0000000, 0x00000000e0100000, 0x00000000e0100000|100%| O|  |TAMS 0x00000000e0000000, 0x00000000e0000000| Untracked 
|   1|0x00000000e0100000, 0x00000000e0200000, 0x00000000e0200000|100%| O|  |TAMS 0x00000000e0100000, 0x00000000e0100000| Untracked 
|   2|0x00000000e0200000, 0x00000000e0300000, 0x00000000e0300000|100%| O|  |TAMS 0x00000000e0200000, 0x00000000e0200000| Untracked 
|   3|0x00000000e0300000, 0x00000000e0400000, 0x00000000e0400000|100%| O|  |TAMS 0x00000000e0300000, 0x00000000e0300000| Untracked 
|   4|0x00000000e0400000, 0x00000000e0500000, 0x00000000e0500000|100%| O|  |TAMS 0x00000000e0400000, 0x00000000e0400000| Untracked 
|   5|0x00000000e0500000, 0x00000000e0600000, 0x00000000e0600000|100%| O|  |TAMS 0x00000000e0500000, 0x00000000e0500000| Untracked 
|   6|0x00000000e0600000, 0x00000000e06d4600, 0x00000000e0700000| 82%| O|  |TAMS 0x00000000e0600000, 0x00000000e0600000| Untracked 
|   7|0x00000000e0700000, 0x00000000e0700000, 0x00000000e0800000|  0%| F|  |TAMS 0x00000000e0700000, 0x00000000e0700000| Untracked 
|   8|0x00000000e0800000, 0x00000000e0800000, 0x00000000e0900000|  0%| F|  |TAMS 0x00000000e0800000, 0x00000000e0800000| Untracked 
|   9|0x00000000e0900000, 0x00000000e0900000, 0x00000000e0a00000|  0%| F|  |TAMS 0x00000000e0900000, 0x00000000e0900000| Untracked 
|  10|0x00000000e0a00000, 0x00000000e0a00000, 0x00000000e0b00000|  0%| F|  |TAMS 0x00000000e0a00000, 0x00000000e0a00000| Untracked 
|  11|0x00000000e0b00000, 0x00000000e0b00000, 0x00000000e0c00000|  0%| F|  |TAMS 0x00000000e0b00000, 0x00000000e0b00000| Untracked 
|  12|0x00000000e0c00000, 0x00000000e0c00000, 0x00000000e0d00000|  0%| F|  |TAMS 0x00000000e0c00000, 0x00000000e0c00000| Untracked 
|  13|0x00000000e0d00000, 0x00000000e0d00000, 0x00000000e0e00000|  0%| F|  |TAMS 0x00000000e0d00000, 0x00000000e0d00000| Untracked 
|  14|0x00000000e0e00000, 0x00000000e0e00000, 0x00000000e0f00000|  0%| F|  |TAMS 0x00000000e0e00000, 0x00000000e0e00000| Untracked 
|  15|0x00000000e0f00000, 0x00000000e0f00000, 0x00000000e1000000|  0%| F|  |TAMS 0x00000000e0f00000, 0x00000000e0f00000| Untracked 
|  16|0x00000000e1000000, 0x00000000e1000000, 0x00000000e1100000|  0%| F|  |TAMS 0x00000000e1000000, 0x00000000e1000000| Untracked 
|  17|0x00000000e1100000, 0x00000000e1100000, 0x00000000e1200000|  0%| F|  |TAMS 0x00000000e1100000, 0x00000000e1100000| Untracked 
|  18|0x00000000e1200000, 0x00000000e1200000, 0x00000000e1300000|  0%| F|  |TAMS 0x00000000e1200000, 0x00000000e1200000| Untracked 
|  19|0x00000000e1300000, 0x00000000e1300000, 0x00000000e1400000|  0%| F|  |TAMS 0x00000000e1300000, 0x00000000e1300000| Untracked 
|  20|0x00000000e1400000, 0x00000000e1400000, 0x00000000e1500000|  0%| F|  |TAMS 0x00000000e1400000, 0x00000000e1400000| Untracked 
|  21|0x00000000e1500000, 0x00000000e1500000, 0x00000000e1600000|  0%| F|  |TAMS 0x00000000e1500000, 0x00000000e1500000| Untracked 
|  22|0x00000000e1600000, 0x00000000e1600000, 0x00000000e1700000|  0%| F|  |TAMS 0x00000000e1600000, 0x00000000e1600000| Untracked 
|  23|0x00000000e1700000, 0x00000000e1700000, 0x00000000e1800000|  0%| F|  |TAMS 0x00000000e1700000, 0x00000000e1700000| Untracked 
|  24|0x00000000e1800000, 0x00000000e1800000, 0x00000000e1900000|  0%| F|  |TAMS 0x00000000e1800000, 0x00000000e1800000| Untracked 
|  25|0x00000000e1900000, 0x00000000e1900000, 0x00000000e1a00000|  0%| F|  |TAMS 0x00000000e1900000, 0x00000000e1900000| Untracked 
|  26|0x00000000e1a00000, 0x00000000e1a00000, 0x00000000e1b00000|  0%| F|  |TAMS 0x00000000e1a00000, 0x00000000e1a00000| Untracked 
|  27|0x00000000e1b00000, 0x00000000e1b00000, 0x00000000e1c00000|  0%| F|  |TAMS 0x00000000e1b00000, 0x00000000e1b00000| Untracked 
|  28|0x00000000e1c00000, 0x00000000e1c00000, 0x00000000e1d00000|  0%| F|  |TAMS 0x00000000e1c00000, 0x00000000e1c00000| Untracked 
|  29|0x00000000e1d00000, 0x00000000e1d00000, 0x00000000e1e00000|  0%| F|  |TAMS 0x00000000e1d00000, 0x00000000e1d00000| Untracked 
|  30|0x00000000e1e00000, 0x00000000e1e00000, 0x00000000e1f00000|  0%| F|  |TAMS 0x00000000e1e00000, 0x00000000e1e00000| Untracked 
|  31|0x00000000e1f00000, 0x00000000e1f00000, 0x00000000e2000000|  0%| F|  |TAMS 0x00000000e1f00000, 0x00000000e1f00000| Untracked 
|  32|0x00000000e2000000, 0x00000000e2000000, 0x00000000e2100000|  0%| F|  |TAMS 0x00000000e2000000, 0x00000000e2000000| Untracked 
|  33|0x00000000e2100000, 0x00000000e2100000, 0x00000000e2200000|  0%| F|  |TAMS 0x00000000e2100000, 0x00000000e2100000| Untracked 
|  34|0x00000000e2200000, 0x00000000e2200000, 0x00000000e2300000|  0%| F|  |TAMS 0x00000000e2200000, 0x00000000e2200000| Untracked 
|  35|0x00000000e2300000, 0x00000000e2300000, 0x00000000e2400000|  0%| F|  |TAMS 0x00000000e2300000, 0x00000000e2300000| Untracked 
|  36|0x00000000e2400000, 0x00000000e240a490, 0x00000000e2500000|  4%| S|CS|TAMS 0x00000000e2400000, 0x00000000e2400000| Complete 
|  37|0x00000000e2500000, 0x00000000e2600000, 0x00000000e2600000|100%| S|CS|TAMS 0x00000000e2500000, 0x00000000e2500000| Complete 
|  38|0x00000000e2600000, 0x00000000e2700000, 0x00000000e2700000|100%| S|CS|TAMS 0x00000000e2600000, 0x00000000e2600000| Complete 
|  39|0x00000000e2700000, 0x00000000e2700000, 0x00000000e2800000|  0%| F|  |TAMS 0x00000000e2700000, 0x00000000e2700000| Untracked 
|  40|0x00000000e2800000, 0x00000000e2800000, 0x00000000e2900000|  0%| F|  |TAMS 0x00000000e2800000, 0x00000000e2800000| Untracked 
|  41|0x00000000e2900000, 0x00000000e2900000, 0x00000000e2a00000|  0%| F|  |TAMS 0x00000000e2900000, 0x00000000e2900000| Untracked 
|  42|0x00000000e2a00000, 0x00000000e2a00000, 0x00000000e2b00000|  0%| F|  |TAMS 0x00000000e2a00000, 0x00000000e2a00000| Untracked 
|  43|0x00000000e2b00000, 0x00000000e2b00000, 0x00000000e2c00000|  0%| F|  |TAMS 0x00000000e2b00000, 0x00000000e2b00000| Untracked 
|  44|0x00000000e2c00000, 0x00000000e2c00000, 0x00000000e2d00000|  0%| F|  |TAMS 0x00000000e2c00000, 0x00000000e2c00000| Untracked 
|  45|0x00000000e2d00000, 0x00000000e2d00000, 0x00000000e2e00000|  0%| F|  |TAMS 0x00000000e2d00000, 0x00000000e2d00000| Untracked 
|  46|0x00000000e2e00000, 0x00000000e2ef7ca8, 0x00000000e2f00000| 96%| E|  |TAMS 0x00000000e2e00000, 0x00000000e2e00000| Complete 
|  47|0x00000000e2f00000, 0x00000000e3000000, 0x00000000e3000000|100%| E|CS|TAMS 0x00000000e2f00000, 0x00000000e2f00000| Complete 
|  48|0x00000000e3000000, 0x00000000e3100000, 0x00000000e3100000|100%| E|CS|TAMS 0x00000000e3000000, 0x00000000e3000000| Complete 
|  49|0x00000000e3100000, 0x00000000e3200000, 0x00000000e3200000|100%| E|CS|TAMS 0x00000000e3100000, 0x00000000e3100000| Complete 
|  50|0x00000000e3200000, 0x00000000e3300000, 0x00000000e3300000|100%| E|CS|TAMS 0x00000000e3200000, 0x00000000e3200000| Complete 
|  51|0x00000000e3300000, 0x00000000e3400000, 0x00000000e3400000|100%| E|CS|TAMS 0x00000000e3300000, 0x00000000e3300000| Complete 
|  52|0x00000000e3400000, 0x00000000e3500000, 0x00000000e3500000|100%| E|CS|TAMS 0x00000000e3400000, 0x00000000e3400000| Complete 
|  53|0x00000000e3500000, 0x00000000e3600000, 0x00000000e3600000|100%| E|CS|TAMS 0x00000000e3500000, 0x00000000e3500000| Complete 
|  54|0x00000000e3600000, 0x00000000e3700000, 0x00000000e3700000|100%| E|CS|TAMS 0x00000000e3600000, 0x00000000e3600000| Complete 
|  55|0x00000000e3700000, 0x00000000e3800000, 0x00000000e3800000|100%| E|CS|TAMS 0x00000000e3700000, 0x00000000e3700000| Complete 

Card table byte_map: [0x00000253ed990000,0x00000253eda90000] _byte_map_base: 0x00000253ed290000

Marking Bits (Prev, Next): (CMBitMap*) 0x00000253d5258090, (CMBitMap*) 0x00000253d52580d0
 Prev Bits: [0x00000253edb90000, 0x00000253ee390000)
 Next Bits: [0x00000253ee390000, 0x00000253eeb90000)

Polling page: 0x00000253d52f0000

Metaspace:

Usage:
  Non-class:      9.87 MB used.
      Class:      1.50 MB used.
       Both:     11.37 MB used.

Virtual space:
  Non-class space:       16.00 MB reserved,      10.00 MB ( 62%) committed,  2 nodes.
      Class space:        1.00 GB reserved,       1.62 MB ( <1%) committed,  1 nodes.
             Both:        1.02 GB reserved,      11.62 MB (  1%) committed. 

Chunk freelists:
   Non-Class:  1.25 MB
       Class:  2.38 MB
        Both:  3.63 MB

MaxMetaspaceSize: unlimited
CompressedClassSpaceSize: 1.00 GB
Initial GC threshold: 21.00 MB
Current GC threshold: 21.00 MB
CDS: on
MetaspaceReclaimPolicy: balanced
 - commit_granule_bytes: 65536.
 - commit_granule_words: 8192.
 - virtual_space_node_default_size: 1048576.
 - enlarge_chunks_in_place: 1.
 - new_chunks_are_fully_committed: 0.
 - uncommit_free_chunks: 1.
 - use_allocation_guard: 0.
 - handle_deallocations: 1.


Internal statistics:

num_allocs_failed_limit: 0.
num_arena_births: 230.
num_arena_deaths: 0.
num_vsnodes_births: 3.
num_vsnodes_deaths: 0.
num_space_committed: 186.
num_space_uncommitted: 0.
num_chunks_returned_to_freelist: 0.
num_chunks_taken_from_freelist: 609.
num_chunk_merges: 0.
num_chunk_splits: 368.
num_chunks_enlarged: 256.
num_purges: 0.
num_inconsistent_stats: 0.

CodeHeap 'non-profiled nmethods': size=120000Kb used=694Kb max_used=694Kb free=119305Kb
 bounds [0x00000253e5d40000, 0x00000253e5fb0000, 0x00000253ed270000]
CodeHeap 'profiled nmethods': size=120000Kb used=3715Kb max_used=3715Kb free=116284Kb
 bounds [0x00000253de810000, 0x00000253debc0000, 0x00000253e5d40000]
CodeHeap 'non-nmethods': size=5760Kb used=1199Kb max_used=1204Kb free=4561Kb
 bounds [0x00000253de270000, 0x00000253de4e0000, 0x00000253de810000]
 total_blobs=2328 nmethods=1833 adapters=407
 compilation: enabled
              stopped_count=0, restarted_count=0
 full_count=0

Compilation events (20 events):
Event: 5.897 Thread 0x00000253f1120400 1764       3       java.lang.invoke.DirectMethodHandle::make (21 bytes)
Event: 5.898 Thread 0x00000253f1120400 nmethod 1764 0x00000253deb87710 code [0x00000253deb878e0, 0x00000253deb87c38]
Event: 5.898 Thread 0x00000253f1120400 1766       3       java.lang.ref.SoftReference::<init> (14 bytes)
Event: 5.899 Thread 0x00000253f1120400 nmethod 1766 0x00000253deb87d90 code [0x00000253deb87f40, 0x00000253deb88238]
Event: 5.899 Thread 0x00000253f1120400 1767       3       org.springframework.util.ConcurrentReferenceHashMap::getHash (64 bytes)
Event: 5.899 Thread 0x00000253f1120400 nmethod 1767 0x00000253deb88310 code [0x00000253deb884c0, 0x00000253deb88728]
Event: 5.899 Thread 0x00000253f1120400 1768       3       org.springframework.util.ConcurrentReferenceHashMap::getSegmentForHash (23 bytes)
Event: 5.899 Thread 0x00000253f1120400 nmethod 1768 0x00000253deb88810 code [0x00000253deb889a0, 0x00000253deb88af8]
Event: 5.928 Thread 0x00000253f1120400 1769       1       ch.qos.logback.classic.Logger::getName (5 bytes)
Event: 5.928 Thread 0x00000253f1120400 nmethod 1769 0x00000253e5dec710 code [0x00000253e5dec8a0, 0x00000253e5dec978]
Event: 5.930 Thread 0x00000253f1120400 1770       3       org.springframework.util.ConcurrentReferenceHashMap$Segment::getReference (55 bytes)
Event: 5.931 Thread 0x00000253f1120400 nmethod 1770 0x00000253deb88c10 code [0x00000253deb88de0, 0x00000253deb890d8]
Event: 5.931 Thread 0x00000253f1120400 1772       3       sun.reflect.annotation.AnnotationInvocationHandler::memberValueHashCode (137 bytes)
Event: 5.931 Thread 0x00000253f1120400 nmethod 1772 0x00000253deb89290 code [0x00000253deb89580, 0x00000253deb8a5c8]
Event: 5.931 Thread 0x00000253f1120400 1771       1       org.springframework.core.annotation.AnnotationTypeMapping::getAnnotationType (5 bytes)
Event: 5.931 Thread 0x00000253f1120400 nmethod 1771 0x00000253e5deca10 code [0x00000253e5decba0, 0x00000253e5decc78]
Event: 5.932 Thread 0x00000253f1120400 1773       3       java.lang.invoke.MethodType::dropParameterTypes (162 bytes)
Event: 5.933 Thread 0x00000253f1120400 nmethod 1773 0x00000253deb8a890 code [0x00000253deb8ab80, 0x00000253deb8bb08]
Event: 5.933 Thread 0x00000253f1120400 1774       3       sun.invoke.util.VerifyAccess::isModuleAccessible (97 bytes)
Event: 5.934 Thread 0x00000253f1120400 nmethod 1774 0x00000253deb8c010 code [0x00000253deb8c2c0, 0x00000253deb8cfc8]

GC Heap History (6 events):
Event: 2.082 GC heap before
{Heap before GC invocations=0 (full 0):
 garbage-first heap   total 57344K, used 12288K [0x00000000e0000000, 0x0000000100000000)
  region size 1024K, 13 young (13312K), 0 survivors (0K)
 Metaspace       used 3418K, committed 3584K, reserved 1056768K
  class space    used 406K, committed 512K, reserved 1048576K
}
Event: 2.101 GC heap after
{Heap after GC invocations=1 (full 0):
 garbage-first heap   total 57344K, used 6512K [0x00000000e0000000, 0x0000000100000000)
  region size 1024K, 2 young (2048K), 2 survivors (2048K)
 Metaspace       used 3418K, committed 3584K, reserved 1056768K
  class space    used 406K, committed 512K, reserved 1048576K
}
Event: 3.393 GC heap before
{Heap before GC invocations=1 (full 0):
 garbage-first heap   total 57344K, used 11632K [0x00000000e0000000, 0x0000000100000000)
  region size 1024K, 8 young (8192K), 2 survivors (2048K)
 Metaspace       used 5650K, committed 5888K, reserved 1056768K
  class space    used 709K, committed 832K, reserved 1048576K
}
Event: 3.396 GC heap after
{Heap after GC invocations=2 (full 0):
 garbage-first heap   total 57344K, used 7926K [0x00000000e0000000, 0x0000000100000000)
  region size 1024K, 1 young (1024K), 1 survivors (1024K)
 Metaspace       used 5650K, committed 5888K, reserved 1056768K
  class space    used 709K, committed 832K, reserved 1048576K
}
Event: 5.224 GC heap before
{Heap before GC invocations=2 (full 0):
 garbage-first heap   total 57344K, used 24310K [0x00000000e0000000, 0x0000000100000000)
  region size 1024K, 17 young (17408K), 1 survivors (1024K)
 Metaspace       used 9399K, committed 9664K, reserved 1064960K
  class space    used 1269K, committed 1408K, reserved 1048576K
}
Event: 5.228 GC heap after
{Heap after GC invocations=3 (full 0):
 garbage-first heap   total 57344K, used 9082K [0x00000000e0000000, 0x0000000100000000)
  region size 1024K, 3 young (3072K), 3 survivors (3072K)
 Metaspace       used 9399K, committed 9664K, reserved 1064960K
  class space    used 1269K, committed 1408K, reserved 1048576K
}

Deoptimization events (20 events):
Event: 5.320 Thread 0x00000253d522b8e0 DEOPT PACKING pc=0x00000253deb238b8 sp=0x0000005acccf7f30
Event: 5.320 Thread 0x00000253d522b8e0 DEOPT UNPACKING pc=0x00000253de2c2b43 sp=0x0000005acccf7448 mode 0
Event: 5.429 Thread 0x00000253d522b8e0 DEOPT PACKING pc=0x00000253deb238b8 sp=0x0000005acccf9fc0
Event: 5.429 Thread 0x00000253d522b8e0 DEOPT UNPACKING pc=0x00000253de2c2b43 sp=0x0000005acccf94d8 mode 0
Event: 5.634 Thread 0x00000253d522b8e0 Uncommon trap: trap_request=0xffffffde fr.pc=0x00000253e5d5dda4 relative=0x00000000000001a4
Event: 5.634 Thread 0x00000253d522b8e0 Uncommon trap: reason=class_check action=maybe_recompile pc=0x00000253e5d5dda4 method=java.lang.String.equals(Ljava/lang/Object;)Z @ 8 c2
Event: 5.634 Thread 0x00000253d522b8e0 DEOPT PACKING pc=0x00000253e5d5dda4 sp=0x0000005acccfbce0
Event: 5.634 Thread 0x00000253d522b8e0 DEOPT UNPACKING pc=0x00000253de2c23a3 sp=0x0000005acccfbc88 mode 2
Event: 5.642 Thread 0x00000253d522b8e0 Uncommon trap: trap_request=0xffffffde fr.pc=0x00000253e5d5dda4 relative=0x00000000000001a4
Event: 5.642 Thread 0x00000253d522b8e0 Uncommon trap: reason=class_check action=maybe_recompile pc=0x00000253e5d5dda4 method=java.lang.String.equals(Ljava/lang/Object;)Z @ 8 c2
Event: 5.642 Thread 0x00000253d522b8e0 DEOPT PACKING pc=0x00000253e5d5dda4 sp=0x0000005acccfbce0
Event: 5.642 Thread 0x00000253d522b8e0 DEOPT UNPACKING pc=0x00000253de2c23a3 sp=0x0000005acccfbc88 mode 2
Event: 5.653 Thread 0x00000253d522b8e0 Uncommon trap: trap_request=0xffffffde fr.pc=0x00000253e5d5dda4 relative=0x00000000000001a4
Event: 5.653 Thread 0x00000253d522b8e0 Uncommon trap: reason=class_check action=maybe_recompile pc=0x00000253e5d5dda4 method=java.lang.String.equals(Ljava/lang/Object;)Z @ 8 c2
Event: 5.653 Thread 0x00000253d522b8e0 DEOPT PACKING pc=0x00000253e5d5dda4 sp=0x0000005acccfbbf0
Event: 5.653 Thread 0x00000253d522b8e0 DEOPT UNPACKING pc=0x00000253de2c23a3 sp=0x0000005acccfbb98 mode 2
Event: 5.653 Thread 0x00000253d522b8e0 Uncommon trap: trap_request=0xffffffde fr.pc=0x00000253e5d5dda4 relative=0x00000000000001a4
Event: 5.653 Thread 0x00000253d522b8e0 Uncommon trap: reason=class_check action=maybe_recompile pc=0x00000253e5d5dda4 method=java.lang.String.equals(Ljava/lang/Object;)Z @ 8 c2
Event: 5.653 Thread 0x00000253d522b8e0 DEOPT PACKING pc=0x00000253e5d5dda4 sp=0x0000005acccfbbf0
Event: 5.653 Thread 0x00000253d522b8e0 DEOPT UNPACKING pc=0x00000253de2c23a3 sp=0x0000005acccfbb98 mode 2

Classes unloaded (0 events):
No events

Classes redefined (0 events):
No events

Internal exceptions (20 events):
Event: 4.194 Thread 0x00000253d522b8e0 Exception <a 'java/lang/IncompatibleClassChangeError'{0x00000000e2e35ad0}: Found class java.lang.Object, but interface was expected> (0x00000000e2e35ad0) 
thrown [s\open\src\hotspot\share\interpreter\linkResolver.cpp, line 826]
Event: 4.200 Thread 0x00000253d522b8e0 Exception <a 'java/lang/NoSuchMethodError'{0x00000000e2e3f620}: 'java.lang.Object java.lang.invoke.DirectMethodHandle$Holder.newInvokeSpecial(java.lang.Object, long, long, java.lang.Object)'> (0x00000000e2e3f620) 
thrown [s\open\src\hotspot\share\interpreter\linkResolver.cpp, line 759]
Event: 4.238 Thread 0x00000253d522b8e0 Exception <a 'java/lang/NoSuchMethodError'{0x00000000e2e958d8}: 'void java.lang.invoke.DirectMethodHandle$Holder.invokeInterface(java.lang.Object, java.lang.Object, java.lang.Object, java.lang.Object)'> (0x00000000e2e958d8) 
thrown [s\open\src\hotspot\share\interpreter\linkResolver.cpp, line 759]
Event: 4.238 Thread 0x00000253d522b8e0 Exception <a 'java/lang/IncompatibleClassChangeError'{0x00000000e2e994a8}: Found class java.lang.Object, but interface was expected> (0x00000000e2e994a8) 
thrown [s\open\src\hotspot\share\interpreter\linkResolver.cpp, line 826]
Event: 4.249 Thread 0x00000253d522b8e0 Exception <a 'java/lang/NoSuchMethodError'{0x00000000e2eb1190}: 'void java.lang.invoke.DirectMethodHandle$Holder.invokeStatic(java.lang.Object, java.lang.Object, java.lang.Object, java.lang.Object)'> (0x00000000e2eb1190) 
thrown [s\open\src\hotspot\share\interpreter\linkResolver.cpp, line 759]
Event: 4.295 Thread 0x00000253d522b8e0 Exception <a 'java/lang/NoSuchMethodError'{0x00000000e2d1da98}: 'int java.lang.invoke.DirectMethodHandle$Holder.invokeStatic(java.lang.Object, java.lang.Object, java.lang.Object, java.lang.Object)'> (0x00000000e2d1da98) 
thrown [s\open\src\hotspot\share\interpreter\linkResolver.cpp, line 759]
Event: 4.296 Thread 0x00000253d522b8e0 Exception <a 'java/lang/NoSuchMethodError'{0x00000000e2d21418}: 'java.lang.Object java.lang.invoke.Invokers$Holder.invokeExact_MT(java.lang.Object, java.lang.Object, java.lang.Object, java.lang.Object, java.lang.Object, java.lang.Object)'> (0x00000000e2d21418) 
thrown [s\open\src\hotspot\share\interpreter\linkResolver.cpp, line 759]
Event: 4.304 Thread 0x00000253d522b8e0 Exception <a 'java/lang/NoSuchMethodError'{0x00000000e2d309c0}: 'int java.lang.invoke.DirectMethodHandle$Holder.invokeStatic(java.lang.Object, java.lang.Object, java.lang.Object, java.lang.Object, java.lang.Object)'> (0x00000000e2d309c0) 
thrown [s\open\src\hotspot\share\interpreter\linkResolver.cpp, line 759]
Event: 4.334 Thread 0x00000253d522b8e0 Exception <a 'java/lang/NoSuchMethodError'{0x00000000e2d86f48}: 'void java.lang.invoke.DirectMethodHandle$Holder.invokeStaticInit(java.lang.Object)'> (0x00000000e2d86f48) 
thrown [s\open\src\hotspot\share\interpreter\linkResolver.cpp, line 759]
Event: 4.391 Thread 0x00000253d522b8e0 Exception <a 'java/lang/NoSuchMethodError'{0x00000000e2c42130}: 'void java.lang.invoke.DirectMethodHandle$Holder.invokeStaticInit(java.lang.Object, java.lang.Object, java.lang.Object, java.lang.Object)'> (0x00000000e2c42130) 
thrown [s\open\src\hotspot\share\interpreter\linkResolver.cpp, line 759]
Event: 4.409 Thread 0x00000253d522b8e0 Exception <a 'java/lang/NoSuchMethodError'{0x00000000e2c73d10}: 'java.lang.Object java.lang.invoke.DirectMethodHandle$Holder.newInvokeSpecial(java.lang.Object, java.lang.Object, int)'> (0x00000000e2c73d10) 
thrown [s\open\src\hotspot\share\interpreter\linkResolver.cpp, line 759]
Event: 4.425 Thread 0x00000253d522b8e0 Exception <a 'java/lang/NoSuchMethodError'{0x00000000e2cb69e0}: 'int java.lang.invoke.DirectMethodHandle$Holder.invokeStaticInit(java.lang.Object, java.lang.Object)'> (0x00000000e2cb69e0) 
thrown [s\open\src\hotspot\share\interpreter\linkResolver.cpp, line 759]
Event: 4.884 Thread 0x00000253d522b8e0 Exception <a 'java/lang/ClassNotFoundException'{0x00000000e284afd8}: javax/smartcardio/CardPermission> (0x00000000e284afd8) 
thrown [s\open\src\hotspot\share\classfile\systemDictionary.cpp, line 256]
Event: 4.983 Thread 0x00000253d522b8e0 Exception <a 'java/io/FileNotFoundException'{0x00000000e285a188}> (0x00000000e285a188) 
thrown [s\open\src\hotspot\share\prims\jni.cpp, line 516]
Event: 5.033 Thread 0x00000253d522b8e0 Exception <a 'java/lang/NoSuchMethodError'{0x00000000e28de020}: 'java.lang.Object java.lang.invoke.DirectMethodHandle$Holder.invokeSpecial(java.lang.Object, java.lang.Object, java.lang.Object, long, java.lang.Object)'> (0x00000000e28de020) 
thrown [s\open\src\hotspot\share\interpreter\linkResolver.cpp, line 759]
Event: 5.034 Thread 0x00000253d522b8e0 Exception <a 'java/lang/NoSuchMethodError'{0x00000000e28e2140}: 'java.lang.Object java.lang.invoke.Invokers$Holder.linkToTargetMethod(java.lang.Object, long, java.lang.Object, java.lang.Object)'> (0x00000000e28e2140) 
thrown [s\open\src\hotspot\share\interpreter\linkResolver.cpp, line 759]
Event: 5.588 Thread 0x00000253d522b8e0 Exception <a 'java/lang/NoSuchMethodError'{0x00000000e3405620}: 'int java.lang.invoke.DirectMethodHandle$Holder.invokeStaticInit(java.lang.Object, java.lang.Object, java.lang.Object)'> (0x00000000e3405620) 
thrown [s\open\src\hotspot\share\interpreter\linkResolver.cpp, line 759]
Event: 5.718 Thread 0x00000253d522b8e0 Exception <a 'java/lang/NoSuchMethodError'{0x00000000e33fab60}: 'void java.lang.invoke.DirectMethodHandle$Holder.invokeStaticInit(java.lang.Object, java.lang.Object)'> (0x00000000e33fab60) 
thrown [s\open\src\hotspot\share\interpreter\linkResolver.cpp, line 759]
Event: 5.816 Thread 0x00000253d522b8e0 Exception <a 'java/lang/NoSuchMethodError'{0x00000000e32d6120}: 'int java.lang.invoke.DirectMethodHandle$Holder.invokeVirtual(java.lang.Object, java.lang.Object, java.lang.Object)'> (0x00000000e32d6120) 
thrown [s\open\src\hotspot\share\interpreter\linkResolver.cpp, line 759]
Event: 5.932 Thread 0x00000253d522b8e0 Exception <a 'java/lang/IncompatibleClassChangeError'{0x00000000e3017338}: Found class java.lang.Object, but interface was expected> (0x00000000e3017338) 
thrown [s\open\src\hotspot\share\interpreter\linkResolver.cpp, line 826]

VM Operations (20 events):
Event: 2.692 Executing VM operation: HandshakeAllThreads
Event: 2.692 Executing VM operation: HandshakeAllThreads done
Event: 3.328 Executing VM operation: HandshakeAllThreads
Event: 3.328 Executing VM operation: HandshakeAllThreads done
Event: 3.328 Executing VM operation: Cleanup
Event: 3.328 Executing VM operation: Cleanup done
Event: 3.392 Executing VM operation: G1CollectForAllocation
Event: 3.396 Executing VM operation: G1CollectForAllocation done
Event: 3.510 Executing VM operation: HandshakeAllThreads
Event: 3.510 Executing VM operation: HandshakeAllThreads done
Event: 3.510 Executing VM operation: HandshakeAllThreads
Event: 3.510 Executing VM operation: HandshakeAllThreads done
Event: 4.511 Executing VM operation: Cleanup
Event: 4.511 Executing VM operation: Cleanup done
Event: 4.711 Executing VM operation: HandshakeAllThreads
Event: 4.711 Executing VM operation: HandshakeAllThreads done
Event: 5.224 Executing VM operation: G1CollectForAllocation
Event: 5.228 Executing VM operation: G1CollectForAllocation done
Event: 5.366 Executing VM operation: HandshakeAllThreads
Event: 5.367 Executing VM operation: HandshakeAllThreads done

Events (20 events):
Event: 5.516 loading class java/util/concurrent/atomic/AtomicReferenceArray
Event: 5.518 loading class java/util/concurrent/atomic/AtomicReferenceArray done
Event: 5.532 loading class java/util/NoSuchElementException
Event: 5.532 loading class java/util/NoSuchElementException done
Event: 5.735 loading class java/time/ZonedDateTime
Event: 5.741 loading class java/time/chrono/ChronoZonedDateTime
Event: 5.743 loading class java/time/chrono/ChronoZonedDateTime done
Event: 5.744 loading class java/time/ZonedDateTime done
Event: 5.744 loading class java/time/ZonedDateTime$1
Event: 5.744 loading class java/time/ZonedDateTime$1 done
Event: 5.758 loading class java/nio/charset/CharacterCodingException
Event: 5.759 loading class java/nio/charset/CharacterCodingException done
Event: 5.811 loading class java/lang/FunctionalInterface
Event: 5.811 loading class java/lang/FunctionalInterface done
Event: 5.905 loading class java/io/StringReader
Event: 5.905 loading class java/io/StringReader done
Event: 5.913 loading class java/util/Collections$ReverseComparator
Event: 5.915 loading class java/util/Collections$ReverseComparator done
Event: 5.915 loading class java/util/Collections$ReverseComparator2
Event: 5.915 loading class java/util/Collections$ReverseComparator2 done


Dynamic libraries:
0x00007ff702eb0000 - 0x00007ff702ec0000 	C:\Program Files\Java\jdk-17.0.4\bin\java.exe
0x00007ffafe050000 - 0x00007ffafe266000 	C:\WINDOWS\SYSTEM32\ntdll.dll
0x00007ffafca50000 - 0x00007ffafcb14000 	C:\WINDOWS\System32\KERNEL32.DLL
0x00007ffafb7a0000 - 0x00007ffafbb46000 	C:\WINDOWS\System32\KERNELBASE.dll
0x00007ffafb510000 - 0x00007ffafb621000 	C:\WINDOWS\System32\ucrtbase.dll
0x00007ffae2d10000 - 0x00007ffae2d28000 	C:\Program Files\Java\jdk-17.0.4\bin\jli.dll
0x00007ffafc440000 - 0x00007ffafc4f2000 	C:\WINDOWS\System32\ADVAPI32.dll
0x00007ffafdd90000 - 0x00007ffafde37000 	C:\WINDOWS\System32\msvcrt.dll
0x00007ffafcb20000 - 0x00007ffafcbc8000 	C:\WINDOWS\System32\sechost.dll
0x00007ffafbcc0000 - 0x00007ffafbce8000 	C:\WINDOWS\System32\bcrypt.dll
0x00007ffafc320000 - 0x00007ffafc435000 	C:\WINDOWS\System32\RPCRT4.dll
0x00007ffae2cf0000 - 0x00007ffae2d0a000 	C:\Program Files\Java\jdk-17.0.4\bin\VCRUNTIME140.dll
0x00007ffafc160000 - 0x00007ffafc30d000 	C:\WINDOWS\System32\USER32.dll
0x00007ffafbb50000 - 0x00007ffafbb76000 	C:\WINDOWS\System32\win32u.dll
0x00007ffafcee0000 - 0x00007ffafcf09000 	C:\WINDOWS\System32\GDI32.dll
0x00007ffafb380000 - 0x00007ffafb498000 	C:\WINDOWS\System32\gdi32full.dll
0x00007ffafbcf0000 - 0x00007ffafbd8a000 	C:\WINDOWS\System32\msvcp_win.dll
0x00007ffafa670000 - 0x00007ffafa903000 	C:\WINDOWS\WinSxS\amd64_microsoft.windows.common-controls_6595b64144ccf1df_6.0.22621.3139_none_270f19e5738675cb\COMCTL32.dll
0x00007ffaf01a0000 - 0x00007ffaf01aa000 	C:\WINDOWS\SYSTEM32\VERSION.dll
0x00007ffafbd90000 - 0x00007ffafbdc1000 	C:\WINDOWS\System32\IMM32.DLL
0x00007ffae2ce0000 - 0x00007ffae2cec000 	C:\Program Files\Java\jdk-17.0.4\bin\vcruntime140_1.dll
0x00007ffa66a20000 - 0x00007ffa66aad000 	C:\Program Files\Java\jdk-17.0.4\bin\msvcp140.dll
0x00007ffa65e50000 - 0x00007ffa66a12000 	C:\Program Files\Java\jdk-17.0.4\bin\server\jvm.dll
0x00007ffafe000000 - 0x00007ffafe008000 	C:\WINDOWS\System32\PSAPI.DLL
0x00007ffadefb0000 - 0x00007ffadefb9000 	C:\WINDOWS\SYSTEM32\WSOCK32.dll
0x00007ffaf28c0000 - 0x00007ffaf28f4000 	C:\WINDOWS\SYSTEM32\WINMM.dll
0x00007ffafc8d0000 - 0x00007ffafc941000 	C:\WINDOWS\System32\WS2_32.dll
0x00007ffaf9cb0000 - 0x00007ffaf9cc8000 	C:\WINDOWS\SYSTEM32\kernel.appcore.dll
0x00007ffae2cd0000 - 0x00007ffae2cda000 	C:\Program Files\Java\jdk-17.0.4\bin\jimage.dll
0x00007ffafac00000 - 0x00007ffafae33000 	C:\WINDOWS\SYSTEM32\DBGHELP.DLL
0x00007ffafbdd0000 - 0x00007ffafc158000 	C:\WINDOWS\System32\combase.dll
0x00007ffafcc50000 - 0x00007ffafcd27000 	C:\WINDOWS\System32\OLEAUT32.dll
0x00007ffafaaf0000 - 0x00007ffafab22000 	C:\WINDOWS\SYSTEM32\dbgcore.DLL
0x00007ffafbc40000 - 0x00007ffafbcba000 	C:\WINDOWS\System32\bcryptPrimitives.dll
0x00007ffae29a0000 - 0x00007ffae29c5000 	C:\Program Files\Java\jdk-17.0.4\bin\java.dll
0x00007ffa65d70000 - 0x00007ffa65e46000 	C:\Program Files\Java\jdk-17.0.4\bin\jsvml.dll
0x00007ffafd510000 - 0x00007ffafdd6d000 	C:\WINDOWS\System32\SHELL32.dll
0x00007ffaf8380000 - 0x00007ffaf8c78000 	C:\WINDOWS\SYSTEM32\windows.storage.dll
0x00007ffaf8240000 - 0x00007ffaf837e000 	C:\WINDOWS\SYSTEM32\wintypes.dll
0x00007ffafd410000 - 0x00007ffafd503000 	C:\WINDOWS\System32\SHCORE.dll
0x00007ffafde40000 - 0x00007ffafde9e000 	C:\WINDOWS\System32\shlwapi.dll
0x00007ffafb2b0000 - 0x00007ffafb2d6000 	C:\WINDOWS\SYSTEM32\profapi.dll
0x00007ffad1930000 - 0x00007ffad1949000 	C:\Program Files\Java\jdk-17.0.4\bin\net.dll
0x00007ffaf05d0000 - 0x00007ffaf0707000 	C:\WINDOWS\SYSTEM32\WINHTTP.dll
0x00007ffafa0e0000 - 0x00007ffafa149000 	C:\WINDOWS\system32\mswsock.dll
0x00007ffad14e0000 - 0x00007ffad14f6000 	C:\Program Files\Java\jdk-17.0.4\bin\nio.dll
0x00007ffad14c0000 - 0x00007ffad14d8000 	C:\Program Files\Java\jdk-17.0.4\bin\zip.dll
0x00007ffacfe30000 - 0x00007ffacfe40000 	C:\Program Files\Java\jdk-17.0.4\bin\verify.dll
0x00007ffad9100000 - 0x00007ffad910e000 	C:\Program Files\Java\jdk-17.0.4\bin\sunmscapi.dll
0x00007ffafb630000 - 0x00007ffafb796000 	C:\WINDOWS\System32\CRYPT32.dll
0x00007ffafa550000 - 0x00007ffafa57e000 	C:\WINDOWS\SYSTEM32\ncrypt.dll
0x00007ffafa510000 - 0x00007ffafa547000 	C:\WINDOWS\SYSTEM32\NTASN1.dll
0x00007ffaeb500000 - 0x00007ffaeb508000 	C:\WINDOWS\system32\wshunix.dll
0x00007ffafaf30000 - 0x00007ffafaf4b000 	C:\WINDOWS\SYSTEM32\CRYPTSP.dll
0x00007ffaf9c10000 - 0x00007ffaf9c45000 	C:\WINDOWS\system32\rsaenh.dll
0x00007ffafa3e0000 - 0x00007ffafa40c000 	C:\WINDOWS\SYSTEM32\USERENV.dll
0x00007ffafa410000 - 0x00007ffafa41c000 	C:\WINDOWS\SYSTEM32\CRYPTBASE.dll
0x00007ffaf8ed0000 - 0x00007ffaf8efd000 	C:\WINDOWS\SYSTEM32\IPHLPAPI.DLL
0x00007ffafc950000 - 0x00007ffafc959000 	C:\WINDOWS\System32\NSI.dll
0x00007ffaee110000 - 0x00007ffaee129000 	C:\WINDOWS\SYSTEM32\dhcpcsvc6.DLL
0x00007ffaee040000 - 0x00007ffaee05f000 	C:\WINDOWS\SYSTEM32\dhcpcsvc.DLL
0x00007ffaf8f40000 - 0x00007ffaf9039000 	C:\WINDOWS\SYSTEM32\DNSAPI.dll

dbghelp: loaded successfully - version: 4.0.5 - missing functions: none
symbol engine: initialized successfully - sym options: 0x614 - pdb path: .;C:\Program Files\Java\jdk-17.0.4\bin;C:\WINDOWS\SYSTEM32;C:\WINDOWS\WinSxS\amd64_microsoft.windows.common-controls_6595b64144ccf1df_6.0.22621.3139_none_270f19e5738675cb;C:\Program Files\Java\jdk-17.0.4\bin\server

VM Arguments:
jvm_args: -Dorg.gradle.internal.worker.tmpdir=C:\Users\David\IdeaProjects\Proyecto_final_avanzada\build\tmp\test\work -Dorg.gradle.native=false -Xmx512m -Dfile.encoding=windows-1252 -Duser.country=CO -Duser.language=es -Duser.variant -ea 
java_command: worker.org.gradle.process.internal.worker.GradleWorkerMain 'Gradle Test Executor 1'
java_class_path (initial): C:\\Users\\David\\.gradle\\caches\\8.5\\workerMain\\gradle-worker.jar;C:\\Users\\David\\IdeaProjects\\Proyecto_final_avanzada\\build\\classes\\java\\test;C:\\Users\\David\\IdeaProjects\\Proyecto_final_avanzada\\build\\classes\\java\\main;C:\\Users\\David\\IdeaProjects\\Proyecto_final_avanzada\\build\\resources\\main;C:\\Users\\David\\.gradle\\caches\\modules-2\\files-2.1\\org.springframework.boot\\spring-boot-starter-data-mongodb\\3.2.2\\690131c078e7ab5258f11a2816c0f1b433e88a90\\spring-boot-starter-data-mongodb-3.2.2.jar;C:\\Users\\David\\.gradle\\caches\\modules-2\\files-2.1\\org.springframework.boot\\spring-boot-starter-validation\\3.2.2\\faedd363ffbafde6a23bc7183ce79de11a96e780\\spring-boot-starter-validation-3.2.2.jar;C:\\Users\\David\\.gradle\\caches\\modules-2\\files-2.1\\org.springframework.boot\\spring-boot-starter-web\\3.2.2\\b89d213d9f49c3e6247b2503ac7d94b0ac8260f6\\spring-boot-starter-web-3.2.2.jar;C:\\Users\\David\\.gradle\\caches\\modules-2\\files-2.1\\org.springframework.boot\\spring-boot-starter-test\\3.2.2\\8785ad456a809e3eec319d7bbb36c3e971abd00f\\spring-boot-starter-test-3.2.2.jar;C:\\Users\\David\\.gradle\\caches\\modules-2\\files-2.1\\org.springframework.boot\\spring-boot-starter-json\\3.2.2\\328f5ce9e10d5f90520e72a3ff8a2586b9e46b37\\spring-boot-starter-json-3.2.2.jar;C:\\Users\\David\\.gradle\\caches\\modules-2\\files-2.1\\org.springframework.boot\\spring-boot-starter\\3.2.2\\dc04714f9295297f92fa8099eb51edc54dbe67db\\spring-boot-starter-3.2.2.jar;C:\\Users\\David\\.gradle\\caches\\modules-2\\files-2.1\\org.mongodb\\mongodb-driver-sync\\4.11.1\\745dd8183b5f89e6211db8c1acdf30cc44447759\\mongodb-driver-sync-4.11.1.jar;C:\\Users\\David\\.gradle\\caches\\modules-2\\files-2.1\\org.springframework.data\\spring-data-mongodb\\4.2.2\\ad90a29263412f8372156ac84cbed066da6a10fe\\spring-data-mongodb-4.2.2.jar;C:\\Users\\David\\.gradle\\caches\\modules-2\\files-2.1\\org.springframework.boot\\spring-boot-starter-tomcat\\3.2.2\\e22a0b
Launcher Type: SUN_STANDARD

[Global flags]
     intx CICompilerCount                          = 3                                         {product} {ergonomic}
     uint ConcGCThreads                            = 1                                         {product} {ergonomic}
     uint G1ConcRefinementThreads                  = 4                                         {product} {ergonomic}
   size_t G1HeapRegionSize                         = 1048576                                   {product} {ergonomic}
    uintx GCDrainStackTargetSize                   = 64                                        {product} {ergonomic}
   size_t InitialHeapSize                          = 58720256                                  {product} {ergonomic}
   size_t MarkStackSize                            = 4194304                                   {product} {ergonomic}
   size_t MaxHeapSize                              = 536870912                                 {product} {command line}
   size_t MaxNewSize                               = 321912832                                 {product} {ergonomic}
   size_t MinHeapDeltaBytes                        = 1048576                                   {product} {ergonomic}
   size_t MinHeapSize                              = 8388608                                   {product} {ergonomic}
    uintx NonNMethodCodeHeapSize                   = 5832780                                {pd product} {ergonomic}
    uintx NonProfiledCodeHeapSize                  = 122912730                              {pd product} {ergonomic}
    uintx ProfiledCodeHeapSize                     = 122912730                              {pd product} {ergonomic}
    uintx ReservedCodeCacheSize                    = 251658240                              {pd product} {ergonomic}
     bool SegmentedCodeCache                       = true                                      {product} {ergonomic}
   size_t SoftMaxHeapSize                          = 536870912                              {manageable} {ergonomic}
     bool UseCompressedClassPointers               = true                           {product lp64_product} {ergonomic}
     bool UseCompressedOops                        = true                           {product lp64_product} {ergonomic}
     bool UseG1GC                                  = true                                      {product} {ergonomic}
     bool UseLargePagesIndividualAllocation        = false                                  {pd product} {ergonomic}

Logging:
Log output configuration:
 #0: stdout all=warning uptime,level,tags
 #1: stderr all=off uptime,level,tags

Environment Variables:
JAVA_HOME=C:\Program Files\Java\jdk-17.0.4
PATH=C:\app\Leo\product\21c\dbhomeXE\bin;C:\Python311\Scripts\;C:\Python311\;C:\Program Files\Common Files\Oracle\Java\javapath;C:\Program Files (x86)\Common Files\Oracle\Java\javapath;C:\Python310\Scripts\;C:\Python310\;C:\WINDOWS\system32;C:\WINDOWS;C:\WINDOWS\System32\Wbem;C:\WINDOWS\System32\WindowsPowerShell\v1.0\;C:\WINDOWS\System32\OpenSSH\;C:\ProgramData\chocolatey\bin;C:\Program Files\nodejs\;C:\Program Files\Git\cmd;C:\Program Files\Git\mingw64\bin;C:\Program Files\Git\usr\bin;C:\ProgramData\ComposerSetup\bin;C:\php;C:\Program Files\Java\jdk-17.0.4\bin;C:\Program Files\Amazon\AWSCLIV2\;C:\Program Files\Java\apache-maven-3.9.5\bin;C:\Db_Sync-master\Db_Sync-master\Receiver;C:\Db_Sync-master\Db_Sync-master\Sender;C:\Program Files\PowerShell\7\;C:\Program Files\Docker\Docker\resources\bin;C:\Program Files\MySQL\MySQL Shell 8.0\bin\;C:\Users\David\AppData\Local\Microsoft\WindowsApps;C:\Program Files\Multipass\bin;C:\Users\David\composer;C:\Users\David\AppData\Roaming\Composer\vendor\bin;C:\Users\David\AppData\Roaming\npm;C:\Users\David\AppData\Local\Programs\Microsoft VS Code\bin;C:\Program Files\heroku\bin;C:\Users\David\AppData\Local\GitHubDesktop\bin;C:\Program Files\JetBrains\IntelliJ IDEA 2023.2.3\bin;C:\SQLite\sqlite-tools-win-x64-3440000;C:\php;
USERNAME=Leo
OS=Windows_NT
PROCESSOR_IDENTIFIER=AMD64 Family 23 Model 17 Stepping 0, AuthenticAMD



---------------  S Y S T E M  ---------------

OS:
 Windows 11 , 64 bit Build 22621 (10.0.22621.3139)
OS uptime: 0 days 0:34 hours
Hyper-V role detected

CPU: total 4 (initial active 4) (4 cores per cpu, 1 threads per core) family 23 model 17 stepping 0 microcode 0x0, cx8, cmov, fxsr, mmx, 3dnowpref, sse, sse2, sse3, ssse3, sse4a, sse4.1, sse4.2, popcnt, lzcnt, tsc, tscinvbit, avx, avx2, aes, clmul, bmi1, bmi2, adx, sha, fma, vzeroupper, clflush, clflushopt, hv

Memory: 4k page, system-wide physical 3539M (299M free)
TotalPageFile size 15539M (AvailPageFile size 3M)
current process WorkingSet (physical memory assigned to process): 101M, peak: 101M
current process commit charge ("private bytes"): 167M, peak: 167M

vm_info: Java HotSpot(TM) 64-Bit Server VM (17.0.4+11-LTS-179) for windows-amd64 JRE (17.0.4+11-LTS-179), built on Jun 28 2022 08:23:05 by "mach5one" with MS VC++ 16.8 / 16.9 (VS2019)

END.
