#
# There is insufficient memory for the Java Runtime Environment to continue.
# Native memory allocation (mmap) failed to map 58720256 bytes for G1 virtual space
# Possible reasons:
#   The system is out of physical RAM or swap space
#   The process is running with CompressedOops enabled, and the Java Heap may be blocking the growth of the native heap
# Possible solutions:
#   Reduce memory load on the system
#   Increase physical memory or swap space
#   Check if swap backing store is full
#   Decrease Java heap size (-Xmx/-Xms)
#   Decrease number of Java threads
#   Decrease Java thread stack sizes (-Xss)
#   Set larger code cache with -XX:ReservedCodeCacheSize=
#   JVM is running with Unscaled Compressed Oops mode in which the Java heap is
#     placed in the first 4GB address space. The Java Heap base address is the
#     maximum limit for the native heap growth. Please use -XX:HeapBaseMinAddress
#     to set the Java Heap base and to place the Java Heap above 4GB virtual address.
# This output file may be truncated or incomplete.
#
#  Out of Memory Error (os_windows.cpp:3535), pid=15272, tid=11432
#
# JRE version:  (17.0.4+11) (build )
# Java VM: Java HotSpot(TM) 64-Bit Server VM (17.0.4+11-LTS-179, mixed mode, emulated-client, sharing, tiered, compressed oops, compressed class ptrs, g1 gc, windows-amd64)
# No core dump will be written. Minidumps are not enabled by default on client versions of Windows
#

---------------  S U M M A R Y ------------

Command Line: -XX:TieredStopAtLevel=1 -Dspring.output.ansi.enabled=always -Dcom.sun.management.jmxremote -Dspring.jmx.enabled=true -Dspring.liveBeansView.mbeanDomain -Dspring.application.admin.enabled=true -Dmanagement.endpoints.jmx.exposure.include=* -javaagent:C:\Program Files\JetBrains\IntelliJ IDEA 2023.2.3\lib\idea_rt.jar=52089:C:\Program Files\JetBrains\IntelliJ IDEA 2023.2.3\bin -Dfile.encoding=UTF-8 co.edu.uniquindio.proyecto.ProyectoFinalAvanzadaApplication

Host: AMD Ryzen 3 2300U with Radeon Vega Mobile Gfx  , 4 cores, 3G,  Windows 11 , 64 bit Build 22621 (10.0.22621.3570)
Time: Wed May 15 09:56:51 2024 Hora est. Pacífico, Sudamérica elapsed time: 0.033975 seconds (0d 0h 0m 0s)

---------------  T H R E A D  ---------------

Current thread (0x000001f7dab89f60):  JavaThread "Unknown thread" [_thread_in_vm, id=11432, stack(0x00000023d2300000,0x00000023d2400000)]

Stack: [0x00000023d2300000,0x00000023d2400000]
Native frames: (J=compiled Java code, j=interpreted, Vv=VM code, C=native code)
V  [jvm.dll+0x6723da]
V  [jvm.dll+0x7d1f74]
V  [jvm.dll+0x7d371e]
V  [jvm.dll+0x7d3d83]
V  [jvm.dll+0x242ed5]
V  [jvm.dll+0x66f2f9]
V  [jvm.dll+0x663c42]
V  [jvm.dll+0x30103b]
V  [jvm.dll+0x3085d6]
V  [jvm.dll+0x35844e]
V  [jvm.dll+0x35867f]
V  [jvm.dll+0x2d8258]
V  [jvm.dll+0x2d91c4]
V  [jvm.dll+0x7a3a51]
V  [jvm.dll+0x3662a1]
V  [jvm.dll+0x782dcc]
V  [jvm.dll+0x3e8bff]
V  [jvm.dll+0x3ea6a1]
C  [jli.dll+0x527b]
C  [ucrtbase.dll+0x29333]
C  [KERNEL32.DLL+0x1257d]
C  [ntdll.dll+0x5aa48]


---------------  P R O C E S S  ---------------

Threads class SMR info:
_java_thread_list=0x00007ff8022fa858, length=0, elements={
}

Java Threads: ( => current thread )

Other Threads:
  0x000001f7dabc1f70 GCTaskThread "GC Thread#0" [stack: 0x00000023d2400000,0x00000023d2500000] [id=6084]
  0x000001f7dabcad80 ConcurrentGCThread "G1 Main Marker" [stack: 0x00000023d2500000,0x00000023d2600000] [id=12152]
  0x000001f7dabcb790 ConcurrentGCThread "G1 Conc#0" [stack: 0x00000023d2600000,0x00000023d2700000] [id=6120]

[error occurred during error reporting (printing all threads), id 0xc0000005, EXCEPTION_ACCESS_VIOLATION (0xc0000005) at pc=0x00007ff801b48c47]

VM state: not at safepoint (not fully initialized)

VM Mutex/Monitor currently owned by a thread:  ([mutex/lock_event])
[0x000001f7dab84f80] Heap_lock - owner thread: 0x000001f7dab89f60

Heap address: 0x00000000c8a00000, size: 886 MB, Compressed Oops mode: 32-bit

CDS archive(s) mapped at: [0x0000000000000000-0x0000000000000000-0x0000000000000000), size 0, SharedBaseAddress: 0x0000000800000000, ArchiveRelocationMode: 0.
Narrow klass base: 0x0000000000000000, Narrow klass shift: 0, Narrow klass range: 0x0

GC Precious Log:
<Empty>

Heap:
 garbage-first heap   total 0K, used 0K [0x00000000c8a00000, 0x0000000100000000)
  region size 1024K, 0 young (0K), 0 survivors (0K)

[error occurred during error reporting (printing heap information), id 0xc0000005, EXCEPTION_ACCESS_VIOLATION (0xc0000005) at pc=0x00007ff801f2b889]

GC Heap History (0 events):
No events

Deoptimization events (0 events):
No events

Classes unloaded (0 events):
No events

Classes redefined (0 events):
No events

Internal exceptions (0 events):
No events

VM Operations (0 events):
No events

Events (1 events):
Event: 0.025 Loaded shared library C:\Program Files\Java\jdk-17.0.4\bin\java.dll


Dynamic libraries:
0x00007ff683840000 - 0x00007ff683850000 	C:\Program Files\Java\jdk-17.0.4\bin\java.exe
0x00007ff878290000 - 0x00007ff8784a7000 	C:\WINDOWS\SYSTEM32\ntdll.dll
0x00007ff8763e0000 - 0x00007ff8764a4000 	C:\WINDOWS\System32\KERNEL32.DLL
0x00007ff875840000 - 0x00007ff875bec000 	C:\WINDOWS\System32\KERNELBASE.dll
0x00007ff875de0000 - 0x00007ff875ef1000 	C:\WINDOWS\System32\ucrtbase.dll
0x00007ff869e30000 - 0x00007ff869e48000 	C:\Program Files\Java\jdk-17.0.4\bin\jli.dll
0x00007ff875fc0000 - 0x00007ff876072000 	C:\WINDOWS\System32\ADVAPI32.dll
0x00007ff85e2e0000 - 0x00007ff85e2fa000 	C:\Program Files\Java\jdk-17.0.4\bin\VCRUNTIME140.dll
0x00007ff877ce0000 - 0x00007ff877d87000 	C:\WINDOWS\System32\msvcrt.dll
0x00007ff877da0000 - 0x00007ff877e48000 	C:\WINDOWS\System32\sechost.dll
0x00007ff875bf0000 - 0x00007ff875c18000 	C:\WINDOWS\System32\bcrypt.dll
0x00007ff8777a0000 - 0x00007ff8778b5000 	C:\WINDOWS\System32\RPCRT4.dll
0x00007ff876500000 - 0x00007ff8766ae000 	C:\WINDOWS\System32\USER32.dll
0x00007ff875c90000 - 0x00007ff875cb6000 	C:\WINDOWS\System32\win32u.dll
0x00007ff874880000 - 0x00007ff874b13000 	C:\WINDOWS\WinSxS\amd64_microsoft.windows.common-controls_6595b64144ccf1df_6.0.22621.3566_none_27125e8b73837631\COMCTL32.dll
0x00007ff8778c0000 - 0x00007ff8778e9000 	C:\WINDOWS\System32\GDI32.dll
0x00007ff8755b0000 - 0x00007ff8756c9000 	C:\WINDOWS\System32\gdi32full.dll
0x00007ff875cc0000 - 0x00007ff875d5a000 	C:\WINDOWS\System32\msvcp_win.dll
0x00007ff8719b0000 - 0x00007ff8719ba000 	C:\WINDOWS\SYSTEM32\VERSION.dll
0x00007ff877a30000 - 0x00007ff877a61000 	C:\WINDOWS\System32\IMM32.DLL
0x00007ff85d5a0000 - 0x00007ff85d5ac000 	C:\Program Files\Java\jdk-17.0.4\bin\vcruntime140_1.dll
0x00007ff858a50000 - 0x00007ff858add000 	C:\Program Files\Java\jdk-17.0.4\bin\msvcp140.dll
0x00007ff801860000 - 0x00007ff802422000 	C:\Program Files\Java\jdk-17.0.4\bin\server\jvm.dll
0x00007ff878240000 - 0x00007ff878248000 	C:\WINDOWS\System32\PSAPI.DLL
0x00007ff86cfb0000 - 0x00007ff86cfe4000 	C:\WINDOWS\SYSTEM32\WINMM.dll
0x00007ff85acd0000 - 0x00007ff85acd9000 	C:\WINDOWS\SYSTEM32\WSOCK32.dll
0x00007ff8779b0000 - 0x00007ff877a21000 	C:\WINDOWS\System32\WS2_32.dll
0x00007ff873680000 - 0x00007ff873698000 	C:\WINDOWS\SYSTEM32\kernel.appcore.dll
0x00007ff85d4d0000 - 0x00007ff85d4da000 	C:\Program Files\Java\jdk-17.0.4\bin\jimage.dll
0x00007ff874e10000 - 0x00007ff875043000 	C:\WINDOWS\SYSTEM32\DBGHELP.DLL
0x00007ff877eb0000 - 0x00007ff878238000 	C:\WINDOWS\System32\combase.dll
0x00007ff877c00000 - 0x00007ff877cd7000 	C:\WINDOWS\System32\OLEAUT32.dll
0x00007ff874d00000 - 0x00007ff874d32000 	C:\WINDOWS\SYSTEM32\dbgcore.DLL
0x00007ff875d60000 - 0x00007ff875dd9000 	C:\WINDOWS\System32\bcryptPrimitives.dll
0x00007ff85d2a0000 - 0x00007ff85d2ae000 	C:\Program Files\Java\jdk-17.0.4\bin\instrument.dll
0x00007ff85a340000 - 0x00007ff85a365000 	C:\Program Files\Java\jdk-17.0.4\bin\java.dll

dbghelp: loaded successfully - version: 4.0.5 - missing functions: none
symbol engine: initialized successfully - sym options: 0x614 - pdb path: .;C:\Program Files\Java\jdk-17.0.4\bin;C:\WINDOWS\SYSTEM32;C:\WINDOWS\WinSxS\amd64_microsoft.windows.common-controls_6595b64144ccf1df_6.0.22621.3566_none_27125e8b73837631;C:\Program Files\Java\jdk-17.0.4\bin\server

VM Arguments:
jvm_args: -XX:TieredStopAtLevel=1 -Dspring.output.ansi.enabled=always -Dcom.sun.management.jmxremote -Dspring.jmx.enabled=true -Dspring.liveBeansView.mbeanDomain -Dspring.application.admin.enabled=true -Dmanagement.endpoints.jmx.exposure.include=* -javaagent:C:\Program Files\JetBrains\IntelliJ IDEA 2023.2.3\lib\idea_rt.jar=52089:C:\Program Files\JetBrains\IntelliJ IDEA 2023.2.3\bin -Dfile.encoding=UTF-8 
java_command: co.edu.uniquindio.proyecto.ProyectoFinalAvanzadaApplication
java_class_path (initial): C:\Users\David\IdeaProjects\Proyecto_final_avanzada\build\classes\java\main;C:\Users\David\IdeaProjects\Proyecto_final_avanzada\build\resources\main;C:\Users\David\.gradle\caches\modules-2\files-2.1\org.projectlombok\lombok\1.18.30\f195ee86e6c896ea47a1d39defbe20eb59cd149d\lombok-1.18.30.jar;C:\Users\David\.gradle\caches\modules-2\files-2.1\org.springframework.boot\spring-boot-starter-data-mongodb\3.2.2\690131c078e7ab5258f11a2816c0f1b433e88a90\spring-boot-starter-data-mongodb-3.2.2.jar;C:\Users\David\.gradle\caches\modules-2\files-2.1\org.springframework.boot\spring-boot-starter-validation\3.2.2\faedd363ffbafde6a23bc7183ce79de11a96e780\spring-boot-starter-validation-3.2.2.jar;C:\Users\David\.gradle\caches\modules-2\files-2.1\org.springframework.boot\spring-boot-starter-web\3.2.2\b89d213d9f49c3e6247b2503ac7d94b0ac8260f6\spring-boot-starter-web-3.2.2.jar;C:\Users\David\.gradle\caches\modules-2\files-2.1\org.springframework.boot\spring-boot-starter-mail\3.2.2\22caa13d58241fa44466edc2a2587992a203791e\spring-boot-starter-mail-3.2.2.jar;C:\Users\David\.gradle\caches\modules-2\files-2.1\org.springdoc\springdoc-openapi-starter-webmvc-ui\2.3.0\b4af31e9d40539c94f8debbf760134d961333c24\springdoc-openapi-starter-webmvc-ui-2.3.0.jar;C:\Users\David\.gradle\caches\modules-2\files-2.1\org.springframework.boot\spring-boot-starter-actuator\3.2.2\bb329cb8813ad75e76baad30658b756f57c8f6fb\spring-boot-starter-actuator-3.2.2.jar;C:\Users\David\.gradle\caches\modules-2\files-2.1\com.cloudinary\cloudinary-http44\1.38.0\ae18750ae649784f69770a76e5fd3a885f7b1502\cloudinary-http44-1.38.0.jar;C:\Users\David\.gradle\caches\modules-2\files-2.1\org.springframework.security\spring-security-crypto\6.2.2\bd1b47ce6593b4d66a1f12e023b59dacc00db00a\spring-security-crypto-6.2.2.jar;C:\Users\David\.gradle\caches\modules-2\files-2.1\io.jsonwebtoken\jjwt-api\0.12.5\ea8243e36f16c2834ad69a048ed8a24aa9dd3e79\jjwt-api-0.12.5.jar;C:\Users\David\.gradle\caches\modules-2\files-2.1\org.spr
Launcher Type: SUN_STANDARD

[Global flags]
     intx CICompilerCount                          = 3                                         {product} {ergonomic}
     uint ConcGCThreads                            = 1                                         {product} {ergonomic}
     uint G1ConcRefinementThreads                  = 4                                         {product} {ergonomic}
   size_t G1HeapRegionSize                         = 1048576                                   {product} {ergonomic}
    uintx GCDrainStackTargetSize                   = 64                                        {product} {ergonomic}
   size_t InitialHeapSize                          = 58720256                                  {product} {ergonomic}
     bool ManagementServer                         = true                                      {product} {command line}
   size_t MarkStackSize                            = 4194304                                   {product} {ergonomic}
   size_t MaxHeapSize                              = 929038336                                 {product} {ergonomic}
   size_t MinHeapDeltaBytes                        = 1048576                                   {product} {ergonomic}
   size_t MinHeapSize                              = 8388608                                   {product} {ergonomic}
    uintx NonProfiledCodeHeapSize                  = 0                                      {pd product} {ergonomic}
     bool ProfileInterpreter                       = false                                  {pd product} {command line}
    uintx ProfiledCodeHeapSize                     = 0                                      {pd product} {ergonomic}
   size_t SoftMaxHeapSize                          = 929038336                              {manageable} {ergonomic}
     intx TieredStopAtLevel                        = 1                                         {product} {command line}
     bool UseCompressedClassPointers               = true                           {product lp64_product} {ergonomic}
     bool UseCompressedOops                        = true                           {product lp64_product} {ergonomic}
     bool UseG1GC                                  = true                                      {product} {ergonomic}
     bool UseLargePagesIndividualAllocation        = false                                  {pd product} {ergonomic}

Logging:
Log output configuration:
 #0: stdout all=warning uptime,level,tags
 #1: stderr all=off uptime,level,tags

Environment Variables:
JAVA_HOME=C:\Program Files\Java\jdk-17.0.4
PATH=C:\Python312\Scripts\;C:\Python312\;C:\app\Leo\product\21c\dbhomeXE\bin;C:\Python311\Scripts\;C:\Python311\;C:\Program Files\Common Files\Oracle\Java\javapath;C:\Program Files (x86)\Common Files\Oracle\Java\java8path;C:\Program Files (x86)\Common Files\Oracle\Java\javapath;C:\Python310\Scripts\;C:\Python310\;C:\WINDOWS\system32;C:\WINDOWS;C:\WINDOWS\System32\Wbem;C:\WINDOWS\System32\WindowsPowerShell\v1.0\;C:\WINDOWS\System32\OpenSSH\;C:\ProgramData\chocolatey\bin;C:\Program Files\Git\cmd;C:\Program Files\Git\mingw64\bin;C:\Program Files\Git\usr\bin;C:\ProgramData\ComposerSetup\bin;C:\php;C:\Program Files\Java\jdk-17.0.4\bin;C:\Program Files\Amazon\AWSCLIV2\;C:\Program Files\Java\apache-maven-3.9.5\bin;C:\Db_Sync-master\Db_Sync-master\Receiver;C:\Db_Sync-master\Db_Sync-master\Sender;C:\Program Files\Docker\Docker\resources\bin;C:\SQLite\sqlite-tools-win-x64-3440000;C:\sonarQube\sonar-scanner-5.0.1.3006-windows\bin;C:\Program Files\nodejs\;C:\Program Files\PowerShell\7\;C:\Program Files\MySQL\MySQL Shell 8.0\bin\;C:\Users\David\AppData\Local\Microsoft\WindowsApps;C:\Program Files\Multipass\bin;C:\Users\David\composer;C:\Users\David\AppData\Roaming\Composer\vendor\bin;C:\Users\David\AppData\Local\Programs\Microsoft VS Code\bin;C:\Program Files\heroku\bin;C:\Users\David\AppData\Local\GitHubDesktop\bin;C:\Program Files\JetBrains\IntelliJ IDEA 2023.2.3\bin;C:\SQLite\sqlite-tools-win-x64-3440000;C:\php;C:\Users\David\AppData\Roaming\npm
USERNAME=Leo
OS=Windows_NT
PROCESSOR_IDENTIFIER=AMD64 Family 23 Model 17 Stepping 0, AuthenticAMD



---------------  S Y S T E M  ---------------

OS:
 Windows 11 , 64 bit Build 22621 (10.0.22621.3570)
OS uptime: 0 days 0:40 hours
Hyper-V role detected

CPU: total 4 (initial active 4) (4 cores per cpu, 1 threads per core) family 23 model 17 stepping 0 microcode 0x0, cx8, cmov, fxsr, mmx, 3dnowpref, sse, sse2, sse3, ssse3, sse4a, sse4.1, sse4.2, popcnt, lzcnt, tsc, tscinvbit, avx, avx2, aes, clmul, bmi1, bmi2, adx, sha, fma, vzeroupper, clflush, clflushopt, hv

Memory: 4k page, system-wide physical 3539M (244M free)
TotalPageFile size 15539M (AvailPageFile size 8M)
current process WorkingSet (physical memory assigned to process): 10M, peak: 10M
current process commit charge ("private bytes"): 46M, peak: 102M

vm_info: Java HotSpot(TM) 64-Bit Server VM (17.0.4+11-LTS-179) for windows-amd64 JRE (17.0.4+11-LTS-179), built on Jun 28 2022 08:23:05 by "mach5one" with MS VC++ 16.8 / 16.9 (VS2019)

END.
