#
# There is insufficient memory for the Java Runtime Environment to continue.
# Native memory allocation (mmap) failed to map 65536 bytes for Failed to commit metaspace.
# Possible reasons:
#   The system is out of physical RAM or swap space
#   The process is running with CompressedOops enabled, and the Java Heap may be blocking the growth of the native heap
# Possible solutions:
#   Reduce memory load on the system
#   Increase physical memory or swap space
#   Check if swap backing store is full
#   Decrease Java heap size (-Xmx/-Xms)
#   Decrease Java thread stack sizes (-Xss)
#   Set larger code cache with -XX:ReservedCodeCacheSize=
#   JVM is running with Unscaled Compressed Oops mode in which the Java heap is
#     placed in the first 4GB address space. The Java Heap base address is the
#     maximum limit for the native heap growth. Please use -XX:HeapBaseMinAddress
#     to set the Java Heap base and to place the Java Heap above 4GB virtual address.
# This output file may be truncated or incomplete.
#
#  Out of Memory Error (virtualSpaceNode.cpp:110), pid=3680, tid=10812
#
# JRE version: Java(TM) SE Runtime Environment (17.0.4+11) (build 17.0.4+11-LTS-179)
# Java VM: Java HotSpot(TM) 64-Bit Server VM (17.0.4+11-LTS-179, mixed mode, emulated-client, sharing, tiered, compressed oops, compressed class ptrs, g1 gc, windows-amd64)
# No core dump will be written. Minidumps are not enabled by default on client versions of Windows
#

---------------  S U M M A R Y ------------

Command Line: -XX:TieredStopAtLevel=1 -Dspring.output.ansi.enabled=always -Dcom.sun.management.jmxremote -Dspring.jmx.enabled=true -Dspring.liveBeansView.mbeanDomain -Dspring.application.admin.enabled=true -Dmanagement.endpoints.jmx.exposure.include=* -javaagent:C:\Program Files\JetBrains\IntelliJ IDEA 2023.2.3\lib\idea_rt.jar=57190:C:\Program Files\JetBrains\IntelliJ IDEA 2023.2.3\bin -Dfile.encoding=UTF-8 co.edu.uniquindio.proyecto.ProyectoFinalAvanzadaApplication

Host: AMD Ryzen 3 2300U with Radeon Vega Mobile Gfx  , 4 cores, 3G,  Windows 11 , 64 bit Build 22621 (10.0.22621.3570)
Time: Wed May 15 13:20:30 2024 Hora est. Pacífico, Sudamérica elapsed time: 221.178499 seconds (0d 0h 3m 41s)

---------------  T H R E A D  ---------------

Current thread (0x0000015f7d0d9b70):  JavaThread "http-nio-8080-Poller" daemon [_thread_in_vm, id=10812, stack(0x000000315e300000,0x000000315e400000)]

Stack: [0x000000315e300000,0x000000315e400000]
Native frames: (J=compiled Java code, j=interpreted, Vv=VM code, C=native code)
V  [jvm.dll+0x6723da]
V  [jvm.dll+0x7d1f74]
V  [jvm.dll+0x7d371e]
V  [jvm.dll+0x7d3d83]
V  [jvm.dll+0x242ed5]
V  [jvm.dll+0x7cdf1b]
V  [jvm.dll+0x618186]
V  [jvm.dll+0x6181ea]
V  [jvm.dll+0x61a9fa]
V  [jvm.dll+0x618b26]
V  [jvm.dll+0x24099c]
V  [jvm.dll+0x6c89dd]
V  [jvm.dll+0x6c940f]
V  [jvm.dll+0x36ccf3]
V  [jvm.dll+0x36bed2]
V  [jvm.dll+0x36be78]
V  [jvm.dll+0x55a9c5]
V  [jvm.dll+0x5598e4]
V  [jvm.dll+0x37fbd7]
V  [jvm.dll+0x37f22f]
C  0x0000015f72309222

Java frames: (J=compiled Java code, j=interpreted, Vv=VM code)
j  sun.nio.ch.SelectionKeyImpl.<clinit>()V+28 java.base@17.0.4
v  ~StubRoutines::call_stub
j  sun.nio.ch.SelectorImpl.register(Ljava/nio/channels/spi/AbstractSelectableChannel;ILjava/lang/Object;)Ljava/nio/channels/SelectionKey;+15 java.base@17.0.4
j  java.nio.channels.spi.AbstractSelectableChannel.register(Ljava/nio/channels/Selector;ILjava/lang/Object;)Ljava/nio/channels/SelectionKey;+116 java.base@17.0.4
J 5858 c1 org.apache.tomcat.util.net.NioEndpoint$Poller.events()Z (266 bytes) @ 0x0000015f72782744 [0x0000015f72782480+0x00000000000002c4]
j  org.apache.tomcat.util.net.NioEndpoint$Poller.run()V+127
j  java.lang.Thread.run()V+11 java.base@17.0.4
v  ~StubRoutines::call_stub

---------------  P R O C E S S  ---------------

Threads class SMR info:
_java_thread_list=0x0000015f7d026e60, length=48, elements={
0x0000015f69372300, 0x0000015f69373170, 0x0000015f79e126f0, 0x0000015f79e135c0,
0x0000015f79e16080, 0x0000015f79e16a30, 0x0000015f79e17490, 0x0000015f79e17e80,
0x0000015f7a9402f0, 0x0000015f7ad304e0, 0x0000015f7ad21620, 0x0000015f7aef0ee0,
0x0000015f7b3e67e0, 0x0000015f7cb779b0, 0x0000015f7cb77e80, 0x0000015f7b05e270,
0x0000015f7c73d020, 0x0000015f7c73d4f0, 0x0000015f7cdd8440, 0x0000015f7cdd8910,
0x0000015f7cdd7100, 0x0000015f7cdd7f70, 0x0000015f7cdd75d0, 0x0000015f7cdd7aa0,
0x0000015f7d0e0080, 0x0000015f7d0e0a20, 0x0000015f7d0de870, 0x0000015f7d0e13c0,
0x0000015f7d0de3a0, 0x0000015f7d0d9b70, 0x0000015f7d0dfbb0, 0x0000015f7d0df6e0,
0x0000015f7d0e0550, 0x0000015f7d0da510, 0x0000015f7d0e0ef0, 0x0000015f7d0dcb90,
0x0000015f7d0da9e0, 0x0000015f7d0dd060, 0x0000015f7d0daeb0, 0x0000015f7d0df210,
0x0000015f7d0dc1f0, 0x0000015f7d0db380, 0x0000015f7d0db850, 0x0000015f7d0dbd20,
0x0000015f7d0dc6c0, 0x0000015f7d0dd530, 0x0000015f7d0dda00, 0x0000015f7d0dded0
}

Java Threads: ( => current thread )
  0x0000015f69372300 JavaThread "Reference Handler" daemon [_thread_blocked, id=14188, stack(0x000000315bd00000,0x000000315be00000)]
  0x0000015f69373170 JavaThread "Finalizer" daemon [_thread_blocked, id=904, stack(0x000000315be00000,0x000000315bf00000)]
  0x0000015f79e126f0 JavaThread "Signal Dispatcher" daemon [_thread_blocked, id=15260, stack(0x000000315bf00000,0x000000315c000000)]
  0x0000015f79e135c0 JavaThread "Attach Listener" daemon [_thread_blocked, id=6644, stack(0x000000315c000000,0x000000315c100000)]
  0x0000015f79e16080 JavaThread "Service Thread" daemon [_thread_blocked, id=6252, stack(0x000000315c100000,0x000000315c200000)]
  0x0000015f79e16a30 JavaThread "Monitor Deflation Thread" daemon [_thread_blocked, id=8644, stack(0x000000315c200000,0x000000315c300000)]
  0x0000015f79e17490 JavaThread "C1 CompilerThread0" daemon [_thread_blocked, id=6424, stack(0x000000315c300000,0x000000315c400000)]
  0x0000015f79e17e80 JavaThread "Sweeper thread" daemon [_thread_blocked, id=12428, stack(0x000000315c400000,0x000000315c500000)]
  0x0000015f7a9402f0 JavaThread "Common-Cleaner" daemon [_thread_blocked, id=4908, stack(0x000000315c500000,0x000000315c600000)]
  0x0000015f7ad304e0 JavaThread "Monitor Ctrl-Break" daemon [_thread_in_native, id=5648, stack(0x000000315c600000,0x000000315c700000)]
  0x0000015f7ad21620 JavaThread "Notification Thread" daemon [_thread_blocked, id=12096, stack(0x000000315c700000,0x000000315c800000)]
  0x0000015f7aef0ee0 JavaThread "RMI TCP Accept-0" daemon [_thread_in_native, id=6288, stack(0x000000315c800000,0x000000315c900000)]
  0x0000015f7b3e67e0 JavaThread "Catalina-utility-1" [_thread_blocked, id=15764, stack(0x000000315d000000,0x000000315d100000)]
  0x0000015f7cb779b0 JavaThread "Catalina-utility-2" [_thread_blocked, id=3368, stack(0x000000315d100000,0x000000315d200000)]
  0x0000015f7cb77e80 JavaThread "container-0" [_thread_blocked, id=11624, stack(0x000000315d200000,0x000000315d300000)]
  0x0000015f7b05e270 JavaThread "BufferPoolPruner-1-thread-1" daemon [_thread_blocked, id=16036, stack(0x000000315d300000,0x000000315d400000)]
  0x0000015f7c73d020 JavaThread "cluster-ClusterId{value='6644fc2d256db906f60104cb', description='null'}-localhost:27018" daemon [_thread_in_native, id=5284, stack(0x000000315d400000,0x000000315d500000)]
  0x0000015f7c73d4f0 JavaThread "cluster-rtt-ClusterId{value='6644fc2d256db906f60104cb', description='null'}-localhost:27018" daemon [_thread_blocked, id=15696, stack(0x000000315d500000,0x000000315d600000)]
  0x0000015f7cdd8440 JavaThread "MaintenanceTimer-2-thread-1" daemon [_thread_blocked, id=6796, stack(0x000000315d700000,0x000000315d800000)]
  0x0000015f7cdd8910 JavaThread "http-nio-8080-exec-1" daemon [_thread_blocked, id=7376, stack(0x000000315d900000,0x000000315da00000)]
  0x0000015f7cdd7100 JavaThread "http-nio-8080-exec-2" daemon [_thread_blocked, id=14916, stack(0x000000315da00000,0x000000315db00000)]
  0x0000015f7cdd7f70 JavaThread "http-nio-8080-exec-3" daemon [_thread_blocked, id=11904, stack(0x000000315db00000,0x000000315dc00000)]
  0x0000015f7cdd75d0 JavaThread "http-nio-8080-exec-4" daemon [_thread_blocked, id=13352, stack(0x000000315dc00000,0x000000315dd00000)]
  0x0000015f7cdd7aa0 JavaThread "http-nio-8080-exec-5" daemon [_thread_blocked, id=15880, stack(0x000000315dd00000,0x000000315de00000)]
  0x0000015f7d0e0080 JavaThread "http-nio-8080-exec-6" daemon [_thread_blocked, id=14456, stack(0x000000315de00000,0x000000315df00000)]
  0x0000015f7d0e0a20 JavaThread "http-nio-8080-exec-7" daemon [_thread_blocked, id=4204, stack(0x000000315df00000,0x000000315e000000)]
  0x0000015f7d0de870 JavaThread "http-nio-8080-exec-8" daemon [_thread_blocked, id=1556, stack(0x000000315e000000,0x000000315e100000)]
  0x0000015f7d0e13c0 JavaThread "http-nio-8080-exec-9" daemon [_thread_blocked, id=8336, stack(0x000000315e100000,0x000000315e200000)]
  0x0000015f7d0de3a0 JavaThread "http-nio-8080-exec-10" daemon [_thread_blocked, id=7768, stack(0x000000315e200000,0x000000315e300000)]
=>0x0000015f7d0d9b70 JavaThread "http-nio-8080-Poller" daemon [_thread_in_vm, id=10812, stack(0x000000315e300000,0x000000315e400000)]
  0x0000015f7d0dfbb0 JavaThread "http-nio-8080-Acceptor" daemon [_thread_in_native, id=3060, stack(0x000000315e400000,0x000000315e500000)]
  0x0000015f7d0df6e0 JavaThread "Catalina-utility-1" [_thread_blocked, id=12028, stack(0x000000315e600000,0x000000315e700000)]
  0x0000015f7d0e0550 JavaThread "Catalina-utility-2" [_thread_blocked, id=14468, stack(0x000000315e700000,0x000000315e800000)]
  0x0000015f7d0da510 JavaThread "container-1" [_thread_blocked, id=12748, stack(0x000000315e800000,0x000000315e900000)]
  0x0000015f7d0e0ef0 JavaThread "RMI Scheduler(0)" daemon [_thread_blocked, id=14116, stack(0x000000315e900000,0x000000315ea00000)]
  0x0000015f7d0dcb90 JavaThread "http-nio-8082-exec-1" daemon [_thread_blocked, id=15600, stack(0x000000315eb00000,0x000000315ec00000)]
  0x0000015f7d0da9e0 JavaThread "http-nio-8082-exec-2" daemon [_thread_blocked, id=2836, stack(0x000000315ec00000,0x000000315ed00000)]
  0x0000015f7d0dd060 JavaThread "http-nio-8082-exec-3" daemon [_thread_blocked, id=8288, stack(0x000000315ed00000,0x000000315ee00000)]
  0x0000015f7d0daeb0 JavaThread "http-nio-8082-exec-4" daemon [_thread_blocked, id=2948, stack(0x000000315ee00000,0x000000315ef00000)]
  0x0000015f7d0df210 JavaThread "http-nio-8082-exec-5" daemon [_thread_blocked, id=6428, stack(0x000000315ef00000,0x000000315f000000)]
  0x0000015f7d0dc1f0 JavaThread "http-nio-8082-exec-6" daemon [_thread_blocked, id=4900, stack(0x000000315f000000,0x000000315f100000)]
  0x0000015f7d0db380 JavaThread "http-nio-8082-exec-7" daemon [_thread_blocked, id=13628, stack(0x000000315f100000,0x000000315f200000)]
  0x0000015f7d0db850 JavaThread "http-nio-8082-exec-8" daemon [_thread_blocked, id=13332, stack(0x000000315f200000,0x000000315f300000)]
  0x0000015f7d0dbd20 JavaThread "http-nio-8082-exec-9" daemon [_thread_blocked, id=6208, stack(0x000000315f300000,0x000000315f400000)]
  0x0000015f7d0dc6c0 JavaThread "http-nio-8082-exec-10" daemon [_thread_blocked, id=14008, stack(0x000000315f400000,0x000000315f500000)]
  0x0000015f7d0dd530 JavaThread "http-nio-8082-Poller" daemon [_thread_in_native, id=14784, stack(0x000000315f500000,0x000000315f600000)]
  0x0000015f7d0dda00 JavaThread "http-nio-8082-Acceptor" daemon [_thread_in_native, id=9512, stack(0x000000315f600000,0x000000315f700000)]
  0x0000015f7d0dded0 JavaThread "DestroyJavaVM" [_thread_blocked, id=10300, stack(0x000000315b600000,0x000000315b700000)]

Other Threads:
  0x0000015f6936b040 VMThread "VM Thread" [stack: 0x000000315bc00000,0x000000315bd00000] [id=7940]
  0x0000015f7aef1830 WatcherThread [stack: 0x000000315c900000,0x000000315ca00000] [id=15848]
  0x0000015f69302940 GCTaskThread "GC Thread#0" [stack: 0x000000315b700000,0x000000315b800000] [id=4736]
  0x0000015f7b141d70 GCTaskThread "GC Thread#1" [stack: 0x000000315ca00000,0x000000315cb00000] [id=14404]
  0x0000015f7b178140 GCTaskThread "GC Thread#2" [stack: 0x000000315cb00000,0x000000315cc00000] [id=14340]
  0x0000015f7b1783f0 GCTaskThread "GC Thread#3" [stack: 0x000000315cc00000,0x000000315cd00000] [id=11096]
  0x0000015f6930b750 ConcurrentGCThread "G1 Main Marker" [stack: 0x000000315b800000,0x000000315b900000] [id=15524]
  0x0000015f6930c160 ConcurrentGCThread "G1 Conc#0" [stack: 0x000000315b900000,0x000000315ba00000] [id=16148]
  0x0000015f69347ed0 ConcurrentGCThread "G1 Refine#0" [stack: 0x000000315ba00000,0x000000315bb00000] [id=7564]
  0x0000015f7b176d40 ConcurrentGCThread "G1 Refine#1" [stack: 0x000000315cd00000,0x000000315ce00000] [id=6504]
  0x0000015f693488f0 ConcurrentGCThread "G1 Service" [stack: 0x000000315bb00000,0x000000315bc00000] [id=15604]

Threads with active compile tasks:

VM state: not at safepoint (normal execution)

VM Mutex/Monitor currently owned by a thread:  ([mutex/lock_event])
[0x0000015f692c5980] Metaspace_lock - owner thread: 0x0000015f7d0d9b70

Heap address: 0x00000000c8a00000, size: 886 MB, Compressed Oops mode: 32-bit

CDS archive(s) mapped at: [0x0000000800000000-0x0000000800bc0000-0x0000000800bc0000), size 12320768, SharedBaseAddress: 0x0000000800000000, ArchiveRelocationMode: 0.
Compressed class space mapped at: 0x0000000800c00000-0x0000000840c00000, reserved size: 1073741824
Narrow klass base: 0x0000000800000000, Narrow klass shift: 0, Narrow klass range: 0x100000000

GC Precious Log:
 CPUs: 4 total, 4 available
 Memory: 3539M
 Large Page Support: Disabled
 NUMA Support: Disabled
 Compressed Oops: Enabled (32-bit)
 Heap Region Size: 1M
 Heap Min Capacity: 8M
 Heap Initial Capacity: 56M
 Heap Max Capacity: 886M
 Pre-touch: Disabled
 Parallel Workers: 4
 Concurrent Workers: 1
 Concurrent Refinement Workers: 4
 Periodic GC: Disabled

Heap:
 garbage-first heap   total 75776K, used 48315K [0x00000000c8a00000, 0x0000000100000000)
  region size 1024K, 24 young (24576K), 3 survivors (3072K)
 Metaspace       used 46858K, committed 47360K, reserved 1089536K
  class space    used 6784K, committed 7040K, reserved 1048576K

Heap Regions: E=young(eden), S=young(survivor), O=old, HS=humongous(starts), HC=humongous(continues), CS=collection set, F=free, OA=open archive, CA=closed archive, TAMS=top-at-mark-start (previous, next)
|   0|0x00000000c8a00000, 0x00000000c8b00000, 0x00000000c8b00000|100%| O|  |TAMS 0x00000000c8b00000, 0x00000000c8a00000| Untracked 
|   1|0x00000000c8b00000, 0x00000000c8c00000, 0x00000000c8c00000|100%| O|  |TAMS 0x00000000c8c00000, 0x00000000c8b00000| Untracked 
|   2|0x00000000c8c00000, 0x00000000c8d00000, 0x00000000c8d00000|100%| O|  |TAMS 0x00000000c8d00000, 0x00000000c8c00000| Untracked 
|   3|0x00000000c8d00000, 0x00000000c8e00000, 0x00000000c8e00000|100%| O|  |TAMS 0x00000000c8e00000, 0x00000000c8d00000| Untracked 
|   4|0x00000000c8e00000, 0x00000000c8f00000, 0x00000000c8f00000|100%| O|  |TAMS 0x00000000c8f00000, 0x00000000c8e00000| Untracked 
|   5|0x00000000c8f00000, 0x00000000c9000000, 0x00000000c9000000|100%| O|  |TAMS 0x00000000c9000000, 0x00000000c8f00000| Untracked 
|   6|0x00000000c9000000, 0x00000000c9100000, 0x00000000c9100000|100%| O|  |TAMS 0x00000000c9100000, 0x00000000c9000000| Untracked 
|   7|0x00000000c9100000, 0x00000000c9200000, 0x00000000c9200000|100%| O|  |TAMS 0x00000000c9200000, 0x00000000c9100000| Untracked 
|   8|0x00000000c9200000, 0x00000000c9300000, 0x00000000c9300000|100%| O|  |TAMS 0x00000000c9300000, 0x00000000c9200000| Untracked 
|   9|0x00000000c9300000, 0x00000000c9400000, 0x00000000c9400000|100%| O|  |TAMS 0x00000000c9400000, 0x00000000c9300000| Untracked 
|  10|0x00000000c9400000, 0x00000000c9500000, 0x00000000c9500000|100%| O|  |TAMS 0x00000000c9500000, 0x00000000c9400000| Untracked 
|  11|0x00000000c9500000, 0x00000000c9569a00, 0x00000000c9600000| 41%| O|  |TAMS 0x00000000c9569a00, 0x00000000c9500000| Untracked 
|  12|0x00000000c9600000, 0x00000000c9700000, 0x00000000c9700000|100%| O|  |TAMS 0x00000000c9700000, 0x00000000c9600000| Untracked 
|  13|0x00000000c9700000, 0x00000000c9800000, 0x00000000c9800000|100%| O|  |TAMS 0x00000000c9800000, 0x00000000c9700000| Untracked 
|  14|0x00000000c9800000, 0x00000000c9900000, 0x00000000c9900000|100%| O|  |TAMS 0x00000000c9900000, 0x00000000c9800000| Untracked 
|  15|0x00000000c9900000, 0x00000000c9a00000, 0x00000000c9a00000|100%| O|  |TAMS 0x00000000c9a00000, 0x00000000c9900000| Untracked 
|  16|0x00000000c9a00000, 0x00000000c9b00000, 0x00000000c9b00000|100%| O|  |TAMS 0x00000000c9aa7e00, 0x00000000c9a00000| Untracked 
|  17|0x00000000c9b00000, 0x00000000c9c00000, 0x00000000c9c00000|100%| O|  |TAMS 0x00000000c9b00000, 0x00000000c9b00000| Untracked 
|  18|0x00000000c9c00000, 0x00000000c9d00000, 0x00000000c9d00000|100%| O|  |TAMS 0x00000000c9c00000, 0x00000000c9c00000| Untracked 
|  19|0x00000000c9d00000, 0x00000000c9e00000, 0x00000000c9e00000|100%| O|  |TAMS 0x00000000c9d00000, 0x00000000c9d00000| Untracked 
|  20|0x00000000c9e00000, 0x00000000c9f00000, 0x00000000c9f00000|100%| O|  |TAMS 0x00000000c9e00000, 0x00000000c9e00000| Untracked 
|  21|0x00000000c9f00000, 0x00000000ca000000, 0x00000000ca000000|100%| O|  |TAMS 0x00000000c9f00000, 0x00000000c9f00000| Untracked 
|  22|0x00000000ca000000, 0x00000000ca100000, 0x00000000ca100000|100%| O|  |TAMS 0x00000000ca000000, 0x00000000ca000000| Untracked 
|  23|0x00000000ca100000, 0x00000000ca200000, 0x00000000ca200000|100%| O|  |TAMS 0x00000000ca100000, 0x00000000ca100000| Untracked 
|  24|0x00000000ca200000, 0x00000000ca300000, 0x00000000ca300000|100%| O|  |TAMS 0x00000000ca200000, 0x00000000ca200000| Untracked 
|  25|0x00000000ca300000, 0x00000000ca400000, 0x00000000ca400000|100%| O|  |TAMS 0x00000000ca300000, 0x00000000ca300000| Untracked 
|  26|0x00000000ca400000, 0x00000000ca425e00, 0x00000000ca500000| 14%| O|  |TAMS 0x00000000ca400000, 0x00000000ca400000| Untracked 
|  27|0x00000000ca500000, 0x00000000ca500000, 0x00000000ca600000|  0%| F|  |TAMS 0x00000000ca500000, 0x00000000ca500000| Untracked 
|  28|0x00000000ca600000, 0x00000000ca600000, 0x00000000ca700000|  0%| F|  |TAMS 0x00000000ca600000, 0x00000000ca600000| Untracked 
|  29|0x00000000ca700000, 0x00000000ca700000, 0x00000000ca800000|  0%| F|  |TAMS 0x00000000ca700000, 0x00000000ca700000| Untracked 
|  30|0x00000000ca800000, 0x00000000ca800000, 0x00000000ca900000|  0%| F|  |TAMS 0x00000000ca800000, 0x00000000ca800000| Untracked 
|  31|0x00000000ca900000, 0x00000000ca900000, 0x00000000caa00000|  0%| F|  |TAMS 0x00000000ca900000, 0x00000000ca900000| Untracked 
|  32|0x00000000caa00000, 0x00000000caa00000, 0x00000000cab00000|  0%| F|  |TAMS 0x00000000caa00000, 0x00000000caa00000| Untracked 
|  33|0x00000000cab00000, 0x00000000cab00000, 0x00000000cac00000|  0%| F|  |TAMS 0x00000000cab00000, 0x00000000cab00000| Untracked 
|  34|0x00000000cac00000, 0x00000000cac00000, 0x00000000cad00000|  0%| F|  |TAMS 0x00000000cac00000, 0x00000000cac00000| Untracked 
|  35|0x00000000cad00000, 0x00000000cad00000, 0x00000000cae00000|  0%| F|  |TAMS 0x00000000cad00000, 0x00000000cad00000| Untracked 
|  36|0x00000000cae00000, 0x00000000cae00000, 0x00000000caf00000|  0%| F|  |TAMS 0x00000000cae00000, 0x00000000cae00000| Untracked 
|  37|0x00000000caf00000, 0x00000000caf00000, 0x00000000cb000000|  0%| F|  |TAMS 0x00000000caf00000, 0x00000000caf00000| Untracked 
|  38|0x00000000cb000000, 0x00000000cb000000, 0x00000000cb100000|  0%| F|  |TAMS 0x00000000cb000000, 0x00000000cb000000| Untracked 
|  39|0x00000000cb100000, 0x00000000cb100000, 0x00000000cb200000|  0%| F|  |TAMS 0x00000000cb100000, 0x00000000cb100000| Untracked 
|  40|0x00000000cb200000, 0x00000000cb200000, 0x00000000cb300000|  0%| F|  |TAMS 0x00000000cb200000, 0x00000000cb200000| Untracked 
|  41|0x00000000cb300000, 0x00000000cb39f588, 0x00000000cb400000| 62%| S|CS|TAMS 0x00000000cb300000, 0x00000000cb300000| Complete 
|  42|0x00000000cb400000, 0x00000000cb500000, 0x00000000cb500000|100%| S|CS|TAMS 0x00000000cb400000, 0x00000000cb400000| Complete 
|  43|0x00000000cb500000, 0x00000000cb600000, 0x00000000cb600000|100%| S|CS|TAMS 0x00000000cb500000, 0x00000000cb500000| Complete 
|  44|0x00000000cb600000, 0x00000000cb600000, 0x00000000cb700000|  0%| F|  |TAMS 0x00000000cb600000, 0x00000000cb600000| Untracked 
|  45|0x00000000cb700000, 0x00000000cb700000, 0x00000000cb800000|  0%| F|  |TAMS 0x00000000cb700000, 0x00000000cb700000| Untracked 
|  46|0x00000000cb800000, 0x00000000cb800000, 0x00000000cb900000|  0%| F|  |TAMS 0x00000000cb800000, 0x00000000cb800000| Untracked 
|  47|0x00000000cb900000, 0x00000000cb900000, 0x00000000cba00000|  0%| F|  |TAMS 0x00000000cb900000, 0x00000000cb900000| Untracked 
|  48|0x00000000cba00000, 0x00000000cba00000, 0x00000000cbb00000|  0%| F|  |TAMS 0x00000000cba00000, 0x00000000cba00000| Untracked 
|  49|0x00000000cbb00000, 0x00000000cbb00000, 0x00000000cbc00000|  0%| F|  |TAMS 0x00000000cbb00000, 0x00000000cbb00000| Untracked 
|  50|0x00000000cbc00000, 0x00000000cbc00000, 0x00000000cbd00000|  0%| F|  |TAMS 0x00000000cbc00000, 0x00000000cbc00000| Untracked 
|  51|0x00000000cbd00000, 0x00000000cbd00000, 0x00000000cbe00000|  0%| F|  |TAMS 0x00000000cbd00000, 0x00000000cbd00000| Untracked 
|  52|0x00000000cbe00000, 0x00000000cbe00000, 0x00000000cbf00000|  0%| F|  |TAMS 0x00000000cbe00000, 0x00000000cbe00000| Untracked 
|  53|0x00000000cbf00000, 0x00000000cbf54c18, 0x00000000cc000000| 33%| E|  |TAMS 0x00000000cbf00000, 0x00000000cbf00000| Complete 
|  54|0x00000000cc000000, 0x00000000cc100000, 0x00000000cc100000|100%| E|CS|TAMS 0x00000000cc000000, 0x00000000cc000000| Complete 
|  55|0x00000000cc100000, 0x00000000cc200000, 0x00000000cc200000|100%| E|CS|TAMS 0x00000000cc100000, 0x00000000cc100000| Complete 
|  56|0x00000000cc200000, 0x00000000cc300000, 0x00000000cc300000|100%| E|CS|TAMS 0x00000000cc200000, 0x00000000cc200000| Complete 
|  57|0x00000000cc300000, 0x00000000cc400000, 0x00000000cc400000|100%| E|CS|TAMS 0x00000000cc300000, 0x00000000cc300000| Complete 
|  58|0x00000000cc400000, 0x00000000cc500000, 0x00000000cc500000|100%| E|CS|TAMS 0x00000000cc400000, 0x00000000cc400000| Complete 
|  59|0x00000000cc500000, 0x00000000cc600000, 0x00000000cc600000|100%| E|CS|TAMS 0x00000000cc500000, 0x00000000cc500000| Complete 
|  60|0x00000000cc600000, 0x00000000cc700000, 0x00000000cc700000|100%| E|  |TAMS 0x00000000cc600000, 0x00000000cc600000| Complete 
|  61|0x00000000cc700000, 0x00000000cc800000, 0x00000000cc800000|100%| E|CS|TAMS 0x00000000cc700000, 0x00000000cc700000| Complete 
|  62|0x00000000cc800000, 0x00000000cc900000, 0x00000000cc900000|100%| E|CS|TAMS 0x00000000cc800000, 0x00000000cc800000| Complete 
|  63|0x00000000cc900000, 0x00000000cca00000, 0x00000000cca00000|100%| E|CS|TAMS 0x00000000cc900000, 0x00000000cc900000| Complete 
|  64|0x00000000cca00000, 0x00000000ccb00000, 0x00000000ccb00000|100%| E|CS|TAMS 0x00000000cca00000, 0x00000000cca00000| Complete 
|  65|0x00000000ccb00000, 0x00000000ccc00000, 0x00000000ccc00000|100%| E|CS|TAMS 0x00000000ccb00000, 0x00000000ccb00000| Complete 
|  66|0x00000000ccc00000, 0x00000000ccd00000, 0x00000000ccd00000|100%| E|CS|TAMS 0x00000000ccc00000, 0x00000000ccc00000| Complete 
|  67|0x00000000ccd00000, 0x00000000cce00000, 0x00000000cce00000|100%| E|CS|TAMS 0x00000000ccd00000, 0x00000000ccd00000| Complete 
|  68|0x00000000cce00000, 0x00000000ccf00000, 0x00000000ccf00000|100%| E|CS|TAMS 0x00000000cce00000, 0x00000000cce00000| Complete 
|  69|0x00000000ccf00000, 0x00000000cd000000, 0x00000000cd000000|100%| E|CS|TAMS 0x00000000ccf00000, 0x00000000ccf00000| Complete 
|  70|0x00000000cd000000, 0x00000000cd100000, 0x00000000cd100000|100%| E|CS|TAMS 0x00000000cd000000, 0x00000000cd000000| Complete 
|  71|0x00000000cd100000, 0x00000000cd200000, 0x00000000cd200000|100%| E|CS|TAMS 0x00000000cd100000, 0x00000000cd100000| Complete 
|  72|0x00000000cd200000, 0x00000000cd300000, 0x00000000cd300000|100%| E|CS|TAMS 0x00000000cd200000, 0x00000000cd200000| Complete 
|  73|0x00000000cd300000, 0x00000000cd400000, 0x00000000cd400000|100%| E|CS|TAMS 0x00000000cd300000, 0x00000000cd300000| Complete 

Card table byte_map: [0x0000015f75950000,0x0000015f75b10000] _byte_map_base: 0x0000015f7530b000

Marking Bits (Prev, Next): (CMBitMap*) 0x0000015f69303f60, (CMBitMap*) 0x0000015f69303fa0
 Prev Bits: [0x0000015f75cd0000, 0x0000015f76aa8000)
 Next Bits: [0x0000015f76ab0000, 0x0000015f77888000)

Polling page: 0x0000015f722d0000

Metaspace:

Usage:
  Non-class:     39.14 MB used.
      Class:      6.63 MB used.
       Both:     45.76 MB used.

Virtual space:
  Non-class space:       40.00 MB reserved,      39.38 MB ( 98%) committed,  5 nodes.
      Class space:        1.00 GB reserved,       6.88 MB ( <1%) committed,  1 nodes.
             Both:        1.04 GB reserved,      46.25 MB (  4%) committed. 

Chunk freelists:
   Non-Class:  257.00 KB
       Class:  1.08 MB
        Both:  1.33 MB

MaxMetaspaceSize: unlimited
CompressedClassSpaceSize: 1.00 GB
Initial GC threshold: 21.00 MB
Current GC threshold: 58.69 MB
CDS: on
MetaspaceReclaimPolicy: balanced
 - commit_granule_bytes: 65536.
 - commit_granule_words: 8192.
 - virtual_space_node_default_size: 1048576.
 - enlarge_chunks_in_place: 1.
 - new_chunks_are_fully_committed: 0.
 - uncommit_free_chunks: 1.
 - use_allocation_guard: 0.
 - handle_deallocations: 1.


Internal statistics:

num_allocs_failed_limit: 6.
num_arena_births: 804.
num_arena_deaths: 0.
num_vsnodes_births: 6.
num_vsnodes_deaths: 0.
num_space_committed: 740.
num_space_uncommitted: 0.
num_chunks_returned_to_freelist: 6.
num_chunks_taken_from_freelist: 2604.
num_chunk_merges: 6.
num_chunk_splits: 1772.
num_chunks_enlarged: 1270.
num_purges: 0.
num_inconsistent_stats: 0.

CodeCache: size=49152Kb used=10744Kb max_used=11060Kb free=38407Kb
 bounds [0x0000015f722f0000, 0x0000015f72dc0000, 0x0000015f752f0000]
 total_blobs=6534 nmethods=5957 adapters=504
 compilation: enabled
              stopped_count=0, restarted_count=0
 full_count=0

Compilation events (20 events):
Event: 203.805 Thread 0x0000015f79e17490 5968       1       org.bson.AbstractBsonReader::readInt32 (22 bytes)
Event: 203.847 Thread 0x0000015f79e17490 nmethod 5968 0x0000015f7275ef10 code [0x0000015f7275f0e0, 0x0000015f7275f338]
Event: 203.848 Thread 0x0000015f79e17490 5969       1       org.bson.BsonBinaryReader::doReadInt32 (10 bytes)
Event: 203.854 Thread 0x0000015f79e17490 nmethod 5969 0x0000015f7275ea10 code [0x0000015f7275ebc0, 0x0000015f7275edc8]
Event: 203.854 Thread 0x0000015f79e17490 5970       1       org.bson.BsonValue::throwIfInvalidType (37 bytes)
Event: 203.878 Thread 0x0000015f79e17490 nmethod 5970 0x0000015f7275dd90 code [0x0000015f7275dfc0, 0x0000015f7275e6d8]
Event: 203.878 Thread 0x0000015f79e17490 5971       1       com.mongodb.connection.ServerDescription::isOk (5 bytes)
Event: 203.880 Thread 0x0000015f79e17490 nmethod 5971 0x0000015f7275da90 code [0x0000015f7275dc20, 0x0000015f7275dcf8]
Event: 204.093 Thread 0x0000015f79e17490 5972       1       org.bson.internal.ProvidersCodecRegistry::get (15 bytes)
Event: 204.112 Thread 0x0000015f79e17490 nmethod 5972 0x0000015f7275d610 code [0x0000015f7275d7c0, 0x0000015f7275d9a8]
Event: 204.112 Thread 0x0000015f79e17490 5973       1       org.bson.internal.ChildCodecRegistry::<init> (25 bytes)
Event: 204.114 Thread 0x0000015f79e17490 nmethod 5973 0x0000015f7275d210 code [0x0000015f7275d3a0, 0x0000015f7275d5b8]
Event: 204.115 Thread 0x0000015f79e17490 5974       1       org.bson.ByteBufNIO::limit (8 bytes)
Event: 204.116 Thread 0x0000015f79e17490 nmethod 5974 0x0000015f7275cf10 code [0x0000015f7275d0a0, 0x0000015f7275d178]
Event: 204.144 Thread 0x0000015f79e17490 5975       1       org.bson.codecs.BsonInt32Codec::decode (7 bytes)
Event: 204.150 Thread 0x0000015f79e17490 nmethod 5975 0x0000015f7275c810 code [0x0000015f7275c9e0, 0x0000015f7275ccf8]
Event: 204.150 Thread 0x0000015f79e17490 5976       1       org.bson.codecs.BsonInt32Codec::decode (14 bytes)
Event: 204.152 Thread 0x0000015f79e17490 nmethod 5976 0x0000015f7275c190 code [0x0000015f7275c360, 0x0000015f7275c678]
Event: 213.740 Thread 0x0000015f79e17490 5977       1       com.mongodb.connection.ServerDescription::getException (5 bytes)
Event: 213.748 Thread 0x0000015f79e17490 nmethod 5977 0x0000015f7275be90 code [0x0000015f7275c020, 0x0000015f7275c0f8]

GC Heap History (20 events):
Event: 21.870 GC heap before
{Heap before GC invocations=4 (full 0):
 garbage-first heap   total 57344K, used 37628K [0x00000000c8a00000, 0x0000000100000000)
  region size 1024K, 32 young (32768K), 3 survivors (3072K)
 Metaspace       used 19872K, committed 20160K, reserved 1073152K
  class space    used 2751K, committed 2880K, reserved 1048576K
}
Event: 21.880 GC heap after
{Heap after GC invocations=5 (full 0):
 garbage-first heap   total 57344K, used 11761K [0x00000000c8a00000, 0x0000000100000000)
  region size 1024K, 4 young (4096K), 4 survivors (4096K)
 Metaspace       used 19872K, committed 20160K, reserved 1073152K
  class space    used 2751K, committed 2880K, reserved 1048576K
}
Event: 23.060 GC heap before
{Heap before GC invocations=5 (full 0):
 garbage-first heap   total 57344K, used 27121K [0x00000000c8a00000, 0x0000000100000000)
  region size 1024K, 20 young (20480K), 4 survivors (4096K)
 Metaspace       used 21226K, committed 21504K, reserved 1073152K
  class space    used 2920K, committed 3072K, reserved 1048576K
}
Event: 23.103 GC heap after
{Heap after GC invocations=6 (full 0):
 garbage-first heap   total 57344K, used 13734K [0x00000000c8a00000, 0x0000000100000000)
  region size 1024K, 2 young (2048K), 2 survivors (2048K)
 Metaspace       used 21226K, committed 21504K, reserved 1073152K
  class space    used 2920K, committed 3072K, reserved 1048576K
}
Event: 24.451 GC heap before
{Heap before GC invocations=7 (full 0):
 garbage-first heap   total 51200K, used 37286K [0x00000000c8a00000, 0x0000000100000000)
  region size 1024K, 25 young (25600K), 2 survivors (2048K)
 Metaspace       used 22884K, committed 23232K, reserved 1073152K
  class space    used 3169K, committed 3328K, reserved 1048576K
}
Event: 24.460 GC heap after
{Heap after GC invocations=8 (full 0):
 garbage-first heap   total 51200K, used 15420K [0x00000000c8a00000, 0x0000000100000000)
  region size 1024K, 4 young (4096K), 4 survivors (4096K)
 Metaspace       used 22884K, committed 23232K, reserved 1073152K
  class space    used 3169K, committed 3328K, reserved 1048576K
}
Event: 25.260 GC heap before
{Heap before GC invocations=8 (full 0):
 garbage-first heap   total 51200K, used 33852K [0x00000000c8a00000, 0x0000000100000000)
  region size 1024K, 23 young (23552K), 4 survivors (4096K)
 Metaspace       used 24871K, committed 25152K, reserved 1073152K
  class space    used 3456K, committed 3584K, reserved 1048576K
}
Event: 25.272 GC heap after
{Heap after GC invocations=9 (full 0):
 garbage-first heap   total 51200K, used 16976K [0x00000000c8a00000, 0x0000000100000000)
  region size 1024K, 2 young (2048K), 2 survivors (2048K)
 Metaspace       used 24871K, committed 25152K, reserved 1073152K
  class space    used 3456K, committed 3584K, reserved 1048576K
}
Event: 26.147 GC heap before
{Heap before GC invocations=9 (full 0):
 garbage-first heap   total 51200K, used 35408K [0x00000000c8a00000, 0x0000000100000000)
  region size 1024K, 21 young (21504K), 2 survivors (2048K)
 Metaspace       used 28012K, committed 28352K, reserved 1073152K
  class space    used 3921K, committed 4096K, reserved 1048576K
}
Event: 26.157 GC heap after
{Heap after GC invocations=10 (full 0):
 garbage-first heap   total 75776K, used 18224K [0x00000000c8a00000, 0x0000000100000000)
  region size 1024K, 3 young (3072K), 3 survivors (3072K)
 Metaspace       used 28012K, committed 28352K, reserved 1073152K
  class space    used 3921K, committed 4096K, reserved 1048576K
}
Event: 28.179 GC heap before
{Heap before GC invocations=10 (full 0):
 garbage-first heap   total 75776K, used 54064K [0x00000000c8a00000, 0x0000000100000000)
  region size 1024K, 38 young (38912K), 3 survivors (3072K)
 Metaspace       used 34051K, committed 34496K, reserved 1081344K
  class space    used 4817K, committed 4992K, reserved 1048576K
}
Event: 28.200 GC heap after
{Heap after GC invocations=11 (full 0):
 garbage-first heap   total 75776K, used 20803K [0x00000000c8a00000, 0x0000000100000000)
  region size 1024K, 5 young (5120K), 5 survivors (5120K)
 Metaspace       used 34051K, committed 34496K, reserved 1081344K
  class space    used 4817K, committed 4992K, reserved 1048576K
}
Event: 29.599 GC heap before
{Heap before GC invocations=11 (full 0):
 garbage-first heap   total 75776K, used 28995K [0x00000000c8a00000, 0x0000000100000000)
  region size 1024K, 14 young (14336K), 5 survivors (5120K)
 Metaspace       used 35542K, committed 35968K, reserved 1081344K
  class space    used 5095K, committed 5312K, reserved 1048576K
}
Event: 29.608 GC heap after
{Heap after GC invocations=12 (full 0):
 garbage-first heap   total 75776K, used 21937K [0x00000000c8a00000, 0x0000000100000000)
  region size 1024K, 2 young (2048K), 2 survivors (2048K)
 Metaspace       used 35542K, committed 35968K, reserved 1081344K
  class space    used 5095K, committed 5312K, reserved 1048576K
}
Event: 32.587 GC heap before
{Heap before GC invocations=13 (full 0):
 garbage-first heap   total 75776K, used 55729K [0x00000000c8a00000, 0x0000000100000000)
  region size 1024K, 35 young (35840K), 2 survivors (2048K)
 Metaspace       used 37849K, committed 38336K, reserved 1089536K
  class space    used 5459K, committed 5696K, reserved 1048576K
}
Event: 32.595 GC heap after
{Heap after GC invocations=14 (full 0):
 garbage-first heap   total 75776K, used 23610K [0x00000000c8a00000, 0x0000000100000000)
  region size 1024K, 3 young (3072K), 3 survivors (3072K)
 Metaspace       used 37849K, committed 38336K, reserved 1089536K
  class space    used 5459K, committed 5696K, reserved 1048576K
}
Event: 34.554 GC heap before
{Heap before GC invocations=14 (full 0):
 garbage-first heap   total 75776K, used 57402K [0x00000000c8a00000, 0x0000000100000000)
  region size 1024K, 36 young (36864K), 3 survivors (3072K)
 Metaspace       used 41226K, committed 41728K, reserved 1089536K
  class space    used 5935K, committed 6144K, reserved 1048576K
}
Event: 34.565 GC heap after
{Heap after GC invocations=15 (full 0):
 garbage-first heap   total 75776K, used 26656K [0x00000000c8a00000, 0x0000000100000000)
  region size 1024K, 5 young (5120K), 5 survivors (5120K)
 Metaspace       used 41226K, committed 41728K, reserved 1089536K
  class space    used 5935K, committed 6144K, reserved 1048576K
}
Event: 35.956 GC heap before
{Heap before GC invocations=15 (full 0):
 garbage-first heap   total 75776K, used 57376K [0x00000000c8a00000, 0x0000000100000000)
  region size 1024K, 35 young (35840K), 5 survivors (5120K)
 Metaspace       used 43871K, committed 44352K, reserved 1089536K
  class space    used 6342K, committed 6592K, reserved 1048576K
}
Event: 35.984 GC heap after
{Heap after GC invocations=16 (full 0):
 garbage-first heap   total 75776K, used 28859K [0x00000000c8a00000, 0x0000000100000000)
  region size 1024K, 3 young (3072K), 3 survivors (3072K)
 Metaspace       used 43871K, committed 44352K, reserved 1089536K
  class space    used 6342K, committed 6592K, reserved 1048576K
}

Deoptimization events (12 events):
Event: 18.322 Thread 0x0000015f692c9be0 DEOPT PACKING pc=0x0000015f726b8c99 sp=0x000000315b6fd1d0
Event: 18.330 Thread 0x0000015f692c9be0 DEOPT UNPACKING pc=0x0000015f72342b43 sp=0x000000315b6fc6b0 mode 3
Event: 19.461 Thread 0x0000015f692c9be0 DEOPT PACKING pc=0x0000015f726f8855 sp=0x000000315b6fd820
Event: 19.461 Thread 0x0000015f692c9be0 DEOPT UNPACKING pc=0x0000015f72342b43 sp=0x000000315b6fccc8 mode 3
Event: 27.320 Thread 0x0000015f692c9be0 DEOPT PACKING pc=0x0000015f72af7e1d sp=0x000000315b6fc470
Event: 27.320 Thread 0x0000015f692c9be0 DEOPT UNPACKING pc=0x0000015f72342b43 sp=0x000000315b6fb9d8 mode 3
Event: 27.369 Thread 0x0000015f7b3e67e0 DEOPT PACKING pc=0x0000015f72690e17 sp=0x000000315d0fec30
Event: 27.369 Thread 0x0000015f7b3e67e0 DEOPT UNPACKING pc=0x0000015f72342b43 sp=0x000000315d0fe088 mode 3
Event: 27.370 Thread 0x0000015f692c9be0 DEOPT PACKING pc=0x0000015f726c8c01 sp=0x000000315b6fe6d0
Event: 27.370 Thread 0x0000015f692c9be0 DEOPT UNPACKING pc=0x0000015f72342b43 sp=0x000000315b6fdb60 mode 3
Event: 28.872 Thread 0x0000015f692c9be0 DEOPT PACKING pc=0x0000015f72b6acac sp=0x000000315b6fa560
Event: 28.872 Thread 0x0000015f692c9be0 DEOPT UNPACKING pc=0x0000015f72342b43 sp=0x000000315b6f9ab8 mode 0

Classes unloaded (0 events):
No events

Classes redefined (0 events):
No events

Internal exceptions (20 events):
Event: 34.811 Thread 0x0000015f692c9be0 Exception <a 'java/lang/NoSuchMethodError'{0x00000000cce4d780}: 'java.lang.Object java.lang.invoke.Invokers$Holder.linkToTargetMethod(java.lang.Object, java.lang.Object, java.lang.Object, java.lang.Object, java.lang.Object, java.lang.Object, java.lang.Object, java.lang.Object, java.lang.Object)'> (0x00000000cce4d780) 
thrown [s\open\src\hotspot\share\interpreter\linkResolver.cpp, line 759]
Event: 35.147 Thread 0x0000015f692c9be0 Exception <a 'java/lang/NoSuchMethodError'{0x00000000cc562850}: 'int java.lang.invoke.DirectMethodHandle$Holder.invokeStatic(java.lang.Object, java.lang.Object, java.lang.Object, java.lang.Object, java.lang.Object)'> (0x00000000cc562850) 
thrown [s\open\src\hotspot\share\interpreter\linkResolver.cpp, line 759]
Event: 35.266 Thread 0x0000015f692c9be0 Exception <a 'java/lang/NoSuchMethodError'{0x00000000cc3d6570}: 'double java.lang.invoke.DirectMethodHandle$Holder.invokeStatic(java.lang.Object, java.lang.Object)'> (0x00000000cc3d6570) 
thrown [s\open\src\hotspot\share\interpreter\linkResolver.cpp, line 759]
Event: 35.499 Thread 0x0000015f692c9be0 Exception <a 'java/lang/NoSuchMethodError'{0x00000000cc0a9a80}: 'void java.lang.invoke.DirectMethodHandle$Holder.invokeStatic(java.lang.Object, java.lang.Object, double)'> (0x00000000cc0a9a80) 
thrown [s\open\src\hotspot\share\interpreter\linkResolver.cpp, line 759]
Event: 35.515 Thread 0x0000015f692c9be0 Exception <a 'java/lang/NoSuchMethodError'{0x00000000cc0fe350}: 'double java.lang.invoke.DirectMethodHandle$Holder.invokeStatic(java.lang.Object, java.lang.Object, java.lang.Object)'> (0x00000000cc0fe350) 
thrown [s\open\src\hotspot\share\interpreter\linkResolver.cpp, line 759]
Event: 35.548 Thread 0x0000015f692c9be0 Exception <a 'java/lang/NoSuchMethodError'{0x00000000cbfb5a88}: 'java.lang.Object java.lang.invoke.DirectMethodHandle$Holder.newInvokeSpecial(java.lang.Object, java.lang.Object, int, java.lang.Object, java.lang.Object)'> (0x00000000cbfb5a88) 
thrown [s\open\src\hotspot\share\interpreter\linkResolver.cpp, line 759]
Event: 35.549 Thread 0x0000015f692c9be0 Exception <a 'java/lang/NoSuchMethodError'{0x00000000cbfc1100}: 'java.lang.Object java.lang.invoke.DirectMethodHandle$Holder.invokeSpecial(java.lang.Object, java.lang.Object, int, java.lang.Object, int, java.lang.Object)'> (0x00000000cbfc1100) 
thrown [s\open\src\hotspot\share\interpreter\linkResolver.cpp, line 759]
Event: 35.550 Thread 0x0000015f692c9be0 Exception <a 'java/lang/NoSuchMethodError'{0x00000000cbfc8f08}: 'java.lang.Object java.lang.invoke.DirectMethodHandle$Holder.newInvokeSpecial(java.lang.Object, java.lang.Object, int, java.lang.Object, int)'> (0x00000000cbfc8f08) 
thrown [s\open\src\hotspot\share\interpreter\linkResolver.cpp, line 759]
Event: 35.550 Thread 0x0000015f692c9be0 Exception <a 'java/lang/NoSuchMethodError'{0x00000000cbfcd008}: 'java.lang.Object java.lang.invoke.DirectMethodHandle$Holder.invokeSpecial(java.lang.Object, java.lang.Object, java.lang.Object, int, java.lang.Object, int)'> (0x00000000cbfcd008) 
thrown [s\open\src\hotspot\share\interpreter\linkResolver.cpp, line 759]
Event: 35.658 Thread 0x0000015f692c9be0 Exception <a 'java/lang/reflect/InvocationTargetException'{0x00000000cbc5fc78}> (0x00000000cbc5fc78) 
thrown [s\open\src\hotspot\share\runtime\reflection.cpp, line 1121]
Event: 35.661 Thread 0x0000015f692c9be0 Exception <a 'java/lang/reflect/InvocationTargetException'{0x00000000cbc730a0}> (0x00000000cbc730a0) 
thrown [s\open\src\hotspot\share\runtime\reflection.cpp, line 1121]
Event: 35.890 Thread 0x0000015f692c9be0 Exception <a 'java/io/FileNotFoundException'{0x00000000cb744570}> (0x00000000cb744570) 
thrown [s\open\src\hotspot\share\prims\jni.cpp, line 516]
Event: 35.891 Thread 0x0000015f692c9be0 Exception <a 'java/io/FileNotFoundException'{0x00000000cb745b78}> (0x00000000cb745b78) 
thrown [s\open\src\hotspot\share\prims\jni.cpp, line 516]
Event: 36.014 Thread 0x0000015f7ad21620 Exception <a 'java/lang/NoSuchMethodError'{0x00000000cd395990}: 'long java.lang.invoke.DirectMethodHandle$Holder.invokeStatic(java.lang.Object, java.lang.Object, java.lang.Object)'> (0x00000000cd395990) 
thrown [s\open\src\hotspot\share\interpreter\linkResolver.cpp, line 759]
Event: 36.094 Thread 0x0000015f7d0da040 Exception <a 'java/lang/NoSuchMethodError'{0x00000000cd1a7f90}: static [B.<clinit>()V> (0x00000000cd1a7f90) 
thrown [s\open\src\hotspot\share\prims\jni.cpp, line 1107]
Event: 36.150 Thread 0x0000015f7d0da040 Exception <a 'java/lang/ClassNotFoundException'{0x00000000cd0038a8}: javax/management/remote/rmi/RMIConnectionImpl_Skel> (0x00000000cd0038a8) 
thrown [s\open\src\hotspot\share\classfile\systemDictionary.cpp, line 256]
Event: 37.517 Thread 0x0000015f7d2bac60 Exception <a 'java/lang/NoSuchMethodError'{0x00000000cc49fee0}: 'java.lang.Object java.lang.invoke.DirectMethodHandle$Holder.newInvokeSpecial(java.lang.Object, java.lang.Object, java.lang.Object, java.lang.Object, java.lang.Object, java.lang.Object, java.lang.Object, java.lang.Object)'> (0x00000000cc49fee0) 
thrown [s\open\src\hotspot\share\interpreter\linkResolver.cpp, line 759]
Event: 37.517 Thread 0x0000015f7d2bac60 Exception <a 'java/lang/NoSuchMethodError'{0x00000000cc4a4be8}: 'java.lang.Object java.lang.invoke.Invokers$Holder.linkToTargetMethod(java.lang.Object, java.lang.Object, java.lang.Object, java.lang.Object, java.lang.Object, java.lang.Object, java.lang.Object, java.lang.Object)'> (0x00000000cc4a4be8) 
thrown [s\open\src\hotspot\share\interpreter\linkResolver.cpp, line 759]
Event: 37.567 Thread 0x0000015f7d2bac60 Exception <a 'java/lang/reflect/InvocationTargetException'{0x00000000cc3bc218}> (0x00000000cc3bc218) 
thrown [s\open\src\hotspot\share\runtime\reflection.cpp, line 1121]
Event: 37.632 Thread 0x0000015f7d2bac60 Exception <a 'sun/nio/fs/WindowsException'{0x00000000cc235f38}> (0x00000000cc235f38) 
thrown [s\open\src\hotspot\share\prims\jni.cpp, line 516]

VM Operations (20 events):
Event: 111.087 Executing VM operation: Cleanup
Event: 111.089 Executing VM operation: Cleanup done
Event: 127.233 Executing VM operation: Cleanup
Event: 127.234 Executing VM operation: Cleanup done
Event: 131.266 Executing VM operation: Cleanup
Event: 131.282 Executing VM operation: Cleanup done
Event: 133.301 Executing VM operation: Cleanup
Event: 133.301 Executing VM operation: Cleanup done
Event: 134.306 Executing VM operation: Cleanup
Event: 134.306 Executing VM operation: Cleanup done
Event: 137.312 Executing VM operation: Cleanup
Event: 137.312 Executing VM operation: Cleanup done
Event: 141.338 Executing VM operation: Cleanup
Event: 141.338 Executing VM operation: Cleanup done
Event: 194.078 Executing VM operation: Cleanup
Event: 194.087 Executing VM operation: Cleanup done
Event: 204.161 Executing VM operation: Cleanup
Event: 204.165 Executing VM operation: Cleanup done
Event: 214.252 Executing VM operation: Cleanup
Event: 214.253 Executing VM operation: Cleanup done

Events (20 events):
Event: 220.815 loading class java/util/concurrent/BlockingDeque done
Event: 220.818 loading class java/util/concurrent/LinkedBlockingDeque done
Event: 220.822 loading class java/util/concurrent/Semaphore
Event: 220.841 loading class java/util/concurrent/Semaphore done
Event: 220.842 loading class java/util/concurrent/Semaphore$NonfairSync
Event: 220.845 loading class java/util/concurrent/Semaphore$Sync
Event: 220.848 loading class java/util/concurrent/Semaphore$Sync done
Event: 220.849 loading class java/util/concurrent/Semaphore$NonfairSync done
Event: 220.860 loading class sun/nio/ch/SocketAdaptor
Event: 220.929 loading class sun/nio/ch/SocketAdaptor done
Event: 220.981 loading class sun/nio/ch/SocketChannelImpl$DefaultOptionsHolder
Event: 220.992 loading class sun/nio/ch/SocketChannelImpl$DefaultOptionsHolder done
Event: 221.023 loading class sun/nio/ch/SelectionKeyImpl
Event: 221.084 loading class java/nio/channels/spi/AbstractSelectionKey
Event: 221.091 loading class java/nio/channels/SelectionKey
Event: 221.101 loading class java/nio/channels/SelectionKey done
Event: 221.101 loading class java/nio/channels/spi/AbstractSelectionKey done
Event: 221.101 loading class sun/nio/ch/SelectionKeyImpl done
Event: 221.119 loading class java/lang/invoke/ConstantBootstraps
Event: 221.145 loading class java/lang/invoke/ConstantBootstraps done


Dynamic libraries:
0x00007ff683840000 - 0x00007ff683850000 	C:\Program Files\Java\jdk-17.0.4\bin\java.exe
0x00007ff878290000 - 0x00007ff8784a7000 	C:\WINDOWS\SYSTEM32\ntdll.dll
0x00007ff8763e0000 - 0x00007ff8764a4000 	C:\WINDOWS\System32\KERNEL32.DLL
0x00007ff875840000 - 0x00007ff875bec000 	C:\WINDOWS\System32\KERNELBASE.dll
0x00007ff875de0000 - 0x00007ff875ef1000 	C:\WINDOWS\System32\ucrtbase.dll
0x00007ff85e2e0000 - 0x00007ff85e2fa000 	C:\Program Files\Java\jdk-17.0.4\bin\VCRUNTIME140.dll
0x00007ff869e30000 - 0x00007ff869e48000 	C:\Program Files\Java\jdk-17.0.4\bin\jli.dll
0x00007ff875fc0000 - 0x00007ff876072000 	C:\WINDOWS\System32\ADVAPI32.dll
0x00007ff877ce0000 - 0x00007ff877d87000 	C:\WINDOWS\System32\msvcrt.dll
0x00007ff877da0000 - 0x00007ff877e48000 	C:\WINDOWS\System32\sechost.dll
0x00007ff875bf0000 - 0x00007ff875c18000 	C:\WINDOWS\System32\bcrypt.dll
0x00007ff8777a0000 - 0x00007ff8778b5000 	C:\WINDOWS\System32\RPCRT4.dll
0x00007ff876500000 - 0x00007ff8766ae000 	C:\WINDOWS\System32\USER32.dll
0x00007ff875c90000 - 0x00007ff875cb6000 	C:\WINDOWS\System32\win32u.dll
0x00007ff8778c0000 - 0x00007ff8778e9000 	C:\WINDOWS\System32\GDI32.dll
0x00007ff8755b0000 - 0x00007ff8756c9000 	C:\WINDOWS\System32\gdi32full.dll
0x00007ff875cc0000 - 0x00007ff875d5a000 	C:\WINDOWS\System32\msvcp_win.dll
0x00007ff874880000 - 0x00007ff874b13000 	C:\WINDOWS\WinSxS\amd64_microsoft.windows.common-controls_6595b64144ccf1df_6.0.22621.3566_none_27125e8b73837631\COMCTL32.dll
0x00007ff8719b0000 - 0x00007ff8719ba000 	C:\WINDOWS\SYSTEM32\VERSION.dll
0x00007ff877a30000 - 0x00007ff877a61000 	C:\WINDOWS\System32\IMM32.DLL
0x00007ff85d5a0000 - 0x00007ff85d5ac000 	C:\Program Files\Java\jdk-17.0.4\bin\vcruntime140_1.dll
0x00007ff858a50000 - 0x00007ff858add000 	C:\Program Files\Java\jdk-17.0.4\bin\msvcp140.dll
0x00007ff801860000 - 0x00007ff802422000 	C:\Program Files\Java\jdk-17.0.4\bin\server\jvm.dll
0x00007ff878240000 - 0x00007ff878248000 	C:\WINDOWS\System32\PSAPI.DLL
0x00007ff86cfb0000 - 0x00007ff86cfe4000 	C:\WINDOWS\SYSTEM32\WINMM.dll
0x00007ff85acd0000 - 0x00007ff85acd9000 	C:\WINDOWS\SYSTEM32\WSOCK32.dll
0x00007ff8779b0000 - 0x00007ff877a21000 	C:\WINDOWS\System32\WS2_32.dll
0x00007ff873680000 - 0x00007ff873698000 	C:\WINDOWS\SYSTEM32\kernel.appcore.dll
0x00007ff85d4d0000 - 0x00007ff85d4da000 	C:\Program Files\Java\jdk-17.0.4\bin\jimage.dll
0x00007ff874e10000 - 0x00007ff875043000 	C:\WINDOWS\SYSTEM32\DBGHELP.DLL
0x00007ff877eb0000 - 0x00007ff878238000 	C:\WINDOWS\System32\combase.dll
0x00007ff877c00000 - 0x00007ff877cd7000 	C:\WINDOWS\System32\OLEAUT32.dll
0x00007ff874d00000 - 0x00007ff874d32000 	C:\WINDOWS\SYSTEM32\dbgcore.DLL
0x00007ff875d60000 - 0x00007ff875dd9000 	C:\WINDOWS\System32\bcryptPrimitives.dll
0x00007ff85d2a0000 - 0x00007ff85d2ae000 	C:\Program Files\Java\jdk-17.0.4\bin\instrument.dll
0x00007ff85a340000 - 0x00007ff85a365000 	C:\Program Files\Java\jdk-17.0.4\bin\java.dll
0x00007ff850e90000 - 0x00007ff850f66000 	C:\Program Files\Java\jdk-17.0.4\bin\jsvml.dll
0x00007ff876f20000 - 0x00007ff87777e000 	C:\WINDOWS\System32\SHELL32.dll
0x00007ff872580000 - 0x00007ff872e77000 	C:\WINDOWS\SYSTEM32\windows.storage.dll
0x00007ff872440000 - 0x00007ff87257f000 	C:\WINDOWS\SYSTEM32\wintypes.dll
0x00007ff877b00000 - 0x00007ff877bf5000 	C:\WINDOWS\System32\SHCORE.dll
0x00007ff8766b0000 - 0x00007ff87670e000 	C:\WINDOWS\System32\shlwapi.dll
0x00007ff8754e0000 - 0x00007ff875501000 	C:\WINDOWS\SYSTEM32\profapi.dll
0x00007ff859fc0000 - 0x00007ff859fd8000 	C:\Program Files\Java\jdk-17.0.4\bin\zip.dll
0x00007ff84e760000 - 0x00007ff84e779000 	C:\Program Files\Java\jdk-17.0.4\bin\net.dll
0x00007ff86d850000 - 0x00007ff86d986000 	C:\WINDOWS\SYSTEM32\WINHTTP.dll
0x00007ff873bf0000 - 0x00007ff873c59000 	C:\WINDOWS\system32\mswsock.dll
0x00007ff84e740000 - 0x00007ff84e756000 	C:\Program Files\Java\jdk-17.0.4\bin\nio.dll
0x00007ff84c0c0000 - 0x00007ff84c0da000 	C:\Program Files\JetBrains\IntelliJ IDEA 2023.2.3\bin\breakgen64.dll
0x00007ff8731a0000 - 0x00007ff873299000 	C:\WINDOWS\SYSTEM32\DNSAPI.dll
0x00007ff873120000 - 0x00007ff87314d000 	C:\WINDOWS\SYSTEM32\IPHLPAPI.DLL
0x00007ff8778f0000 - 0x00007ff8778f9000 	C:\WINDOWS\System32\NSI.dll
0x00007ff86da20000 - 0x00007ff86da2a000 	C:\Windows\System32\rasadhlp.dll
0x00007ff869f30000 - 0x00007ff869fb3000 	C:\WINDOWS\System32\fwpuclnt.dll
0x00007ff858a20000 - 0x00007ff858a29000 	C:\Program Files\Java\jdk-17.0.4\bin\management.dll
0x00007ff8529b0000 - 0x00007ff8529bb000 	C:\Program Files\Java\jdk-17.0.4\bin\management_ext.dll
0x00007ff875150000 - 0x00007ff87516b000 	C:\WINDOWS\SYSTEM32\CRYPTSP.dll
0x00007ff8735e0000 - 0x00007ff873615000 	C:\WINDOWS\system32\rsaenh.dll
0x00007ff874570000 - 0x00007ff874598000 	C:\WINDOWS\SYSTEM32\USERENV.dll
0x00007ff8745a0000 - 0x00007ff8745ac000 	C:\WINDOWS\SYSTEM32\CRYPTBASE.dll
0x00007ff86da00000 - 0x00007ff86da19000 	C:\WINDOWS\SYSTEM32\dhcpcsvc6.DLL
0x00007ff86d7f0000 - 0x00007ff86d80f000 	C:\WINDOWS\SYSTEM32\dhcpcsvc.DLL
0x00007ff84f9a0000 - 0x00007ff84f9b7000 	C:\WINDOWS\system32\napinsp.dll
0x00007ff84f930000 - 0x00007ff84f94b000 	C:\WINDOWS\system32\pnrpnsp.dll
0x00007ff84f910000 - 0x00007ff84f921000 	C:\WINDOWS\System32\winrnr.dll
0x00007ff86a880000 - 0x00007ff86a895000 	C:\WINDOWS\system32\wshbth.dll
0x00007ff84f8e0000 - 0x00007ff84f901000 	C:\WINDOWS\system32\nlansp_c.dll
0x00007ff85a330000 - 0x00007ff85a340000 	C:\Program Files\Java\jdk-17.0.4\bin\verify.dll
0x00007ff852100000 - 0x00007ff85210e000 	C:\Program Files\Java\jdk-17.0.4\bin\sunmscapi.dll
0x00007ff8756d0000 - 0x00007ff875837000 	C:\WINDOWS\System32\CRYPT32.dll
0x00007ff874750000 - 0x00007ff87477e000 	C:\WINDOWS\SYSTEM32\ncrypt.dll
0x00007ff874710000 - 0x00007ff874747000 	C:\WINDOWS\SYSTEM32\NTASN1.dll
0x00007ff869f10000 - 0x00007ff869f18000 	C:\WINDOWS\system32\wshunix.dll

dbghelp: loaded successfully - version: 4.0.5 - missing functions: none
symbol engine: initialized successfully - sym options: 0x614 - pdb path: .;C:\Program Files\Java\jdk-17.0.4\bin;C:\WINDOWS\SYSTEM32;C:\WINDOWS\WinSxS\amd64_microsoft.windows.common-controls_6595b64144ccf1df_6.0.22621.3566_none_27125e8b73837631;C:\Program Files\Java\jdk-17.0.4\bin\server;C:\Program Files\JetBrains\IntelliJ IDEA 2023.2.3\bin

VM Arguments:
jvm_args: -XX:TieredStopAtLevel=1 -Dspring.output.ansi.enabled=always -Dcom.sun.management.jmxremote -Dspring.jmx.enabled=true -Dspring.liveBeansView.mbeanDomain -Dspring.application.admin.enabled=true -Dmanagement.endpoints.jmx.exposure.include=* -javaagent:C:\Program Files\JetBrains\IntelliJ IDEA 2023.2.3\lib\idea_rt.jar=57190:C:\Program Files\JetBrains\IntelliJ IDEA 2023.2.3\bin -Dfile.encoding=UTF-8 
java_command: co.edu.uniquindio.proyecto.ProyectoFinalAvanzadaApplication
java_class_path (initial): C:\Users\David\IdeaProjects\Proyecto_final_avanzada\build\classes\java\main;C:\Users\David\IdeaProjects\Proyecto_final_avanzada\build\resources\main;C:\Users\David\.gradle\caches\modules-2\files-2.1\org.projectlombok\lombok\1.18.30\f195ee86e6c896ea47a1d39defbe20eb59cd149d\lombok-1.18.30.jar;C:\Users\David\.gradle\caches\modules-2\files-2.1\org.springframework.boot\spring-boot-starter-data-mongodb\3.2.2\690131c078e7ab5258f11a2816c0f1b433e88a90\spring-boot-starter-data-mongodb-3.2.2.jar;C:\Users\David\.gradle\caches\modules-2\files-2.1\org.springframework.boot\spring-boot-starter-validation\3.2.2\faedd363ffbafde6a23bc7183ce79de11a96e780\spring-boot-starter-validation-3.2.2.jar;C:\Users\David\.gradle\caches\modules-2\files-2.1\org.springframework.boot\spring-boot-starter-web\3.2.2\b89d213d9f49c3e6247b2503ac7d94b0ac8260f6\spring-boot-starter-web-3.2.2.jar;C:\Users\David\.gradle\caches\modules-2\files-2.1\org.springframework.boot\spring-boot-starter-mail\3.2.2\22caa13d58241fa44466edc2a2587992a203791e\spring-boot-starter-mail-3.2.2.jar;C:\Users\David\.gradle\caches\modules-2\files-2.1\org.springdoc\springdoc-openapi-starter-webmvc-ui\2.3.0\b4af31e9d40539c94f8debbf760134d961333c24\springdoc-openapi-starter-webmvc-ui-2.3.0.jar;C:\Users\David\.gradle\caches\modules-2\files-2.1\org.springframework.boot\spring-boot-starter-actuator\3.2.2\bb329cb8813ad75e76baad30658b756f57c8f6fb\spring-boot-starter-actuator-3.2.2.jar;C:\Users\David\.gradle\caches\modules-2\files-2.1\com.cloudinary\cloudinary-http44\1.38.0\ae18750ae649784f69770a76e5fd3a885f7b1502\cloudinary-http44-1.38.0.jar;C:\Users\David\.gradle\caches\modules-2\files-2.1\org.springframework.security\spring-security-crypto\6.2.2\bd1b47ce6593b4d66a1f12e023b59dacc00db00a\spring-security-crypto-6.2.2.jar;C:\Users\David\.gradle\caches\modules-2\files-2.1\io.jsonwebtoken\jjwt-api\0.12.5\ea8243e36f16c2834ad69a048ed8a24aa9dd3e79\jjwt-api-0.12.5.jar;C:\Users\David\.gradle\caches\modules-2\files-2.1\org.spr
Launcher Type: SUN_STANDARD

[Global flags]
     intx CICompilerCount                          = 3                                         {product} {ergonomic}
     uint ConcGCThreads                            = 1                                         {product} {ergonomic}
     uint G1ConcRefinementThreads                  = 4                                         {product} {ergonomic}
   size_t G1HeapRegionSize                         = 1048576                                   {product} {ergonomic}
    uintx GCDrainStackTargetSize                   = 64                                        {product} {ergonomic}
   size_t InitialHeapSize                          = 58720256                                  {product} {ergonomic}
     bool ManagementServer                         = true                                      {product} {command line}
   size_t MarkStackSize                            = 4194304                                   {product} {ergonomic}
   size_t MaxHeapSize                              = 929038336                                 {product} {ergonomic}
   size_t MaxNewSize                               = 556793856                                 {product} {ergonomic}
   size_t MinHeapDeltaBytes                        = 1048576                                   {product} {ergonomic}
   size_t MinHeapSize                              = 8388608                                   {product} {ergonomic}
    uintx NonProfiledCodeHeapSize                  = 0                                      {pd product} {ergonomic}
     bool ProfileInterpreter                       = false                                  {pd product} {command line}
    uintx ProfiledCodeHeapSize                     = 0                                      {pd product} {ergonomic}
   size_t SoftMaxHeapSize                          = 929038336                              {manageable} {ergonomic}
     intx TieredStopAtLevel                        = 1                                         {product} {command line}
     bool UseCompressedClassPointers               = true                           {product lp64_product} {ergonomic}
     bool UseCompressedOops                        = true                           {product lp64_product} {ergonomic}
     bool UseG1GC                                  = true                                      {product} {ergonomic}
     bool UseLargePagesIndividualAllocation        = false                                  {pd product} {ergonomic}

Logging:
Log output configuration:
 #0: stdout all=warning uptime,level,tags
 #1: stderr all=off uptime,level,tags

Environment Variables:
JAVA_HOME=C:\Program Files\Java\jdk-17.0.4
PATH=C:\Python312\Scripts\;C:\Python312\;C:\app\Leo\product\21c\dbhomeXE\bin;C:\Python311\Scripts\;C:\Python311\;C:\Program Files\Common Files\Oracle\Java\javapath;C:\Program Files (x86)\Common Files\Oracle\Java\java8path;C:\Program Files (x86)\Common Files\Oracle\Java\javapath;C:\Python310\Scripts\;C:\Python310\;C:\WINDOWS\system32;C:\WINDOWS;C:\WINDOWS\System32\Wbem;C:\WINDOWS\System32\WindowsPowerShell\v1.0\;C:\WINDOWS\System32\OpenSSH\;C:\ProgramData\chocolatey\bin;C:\Program Files\Git\cmd;C:\Program Files\Git\mingw64\bin;C:\Program Files\Git\usr\bin;C:\ProgramData\ComposerSetup\bin;C:\php;C:\Program Files\Java\jdk-17.0.4\bin;C:\Program Files\Amazon\AWSCLIV2\;C:\Program Files\Java\apache-maven-3.9.5\bin;C:\Db_Sync-master\Db_Sync-master\Receiver;C:\Db_Sync-master\Db_Sync-master\Sender;C:\Program Files\Docker\Docker\resources\bin;C:\SQLite\sqlite-tools-win-x64-3440000;C:\sonarQube\sonar-scanner-5.0.1.3006-windows\bin;C:\Program Files\nodejs\;C:\Program Files\PowerShell\7\;C:\Program Files\MySQL\MySQL Shell 8.0\bin\;C:\Users\David\AppData\Local\Microsoft\WindowsApps;C:\Program Files\Multipass\bin;C:\Users\David\composer;C:\Users\David\AppData\Roaming\Composer\vendor\bin;C:\Users\David\AppData\Local\Programs\Microsoft VS Code\bin;C:\Program Files\heroku\bin;C:\Users\David\AppData\Local\GitHubDesktop\bin;C:\Program Files\JetBrains\IntelliJ IDEA 2023.2.3\bin;C:\SQLite\sqlite-tools-win-x64-3440000;C:\php;C:\Users\David\AppData\Roaming\npm
USERNAME=Leo
OS=Windows_NT
PROCESSOR_IDENTIFIER=AMD64 Family 23 Model 17 Stepping 0, AuthenticAMD



---------------  S Y S T E M  ---------------

OS:
 Windows 11 , 64 bit Build 22621 (10.0.22621.3570)
OS uptime: 0 days 4:04 hours
Hyper-V role detected

CPU: total 4 (initial active 4) (4 cores per cpu, 1 threads per core) family 23 model 17 stepping 0 microcode 0x0, cx8, cmov, fxsr, mmx, 3dnowpref, sse, sse2, sse3, ssse3, sse4a, sse4.1, sse4.2, popcnt, lzcnt, tsc, tscinvbit, avx, avx2, aes, clmul, bmi1, bmi2, adx, sha, fma, vzeroupper, clflush, clflushopt, hv

Memory: 4k page, system-wide physical 3539M (89M free)
TotalPageFile size 15539M (AvailPageFile size 1M)
current process WorkingSet (physical memory assigned to process): 30M, peak: 172M
current process commit charge ("private bytes"): 223M, peak: 224M

vm_info: Java HotSpot(TM) 64-Bit Server VM (17.0.4+11-LTS-179) for windows-amd64 JRE (17.0.4+11-LTS-179), built on Jun 28 2022 08:23:05 by "mach5one" with MS VC++ 16.8 / 16.9 (VS2019)

END.
