#
# There is insufficient memory for the Java Runtime Environment to continue.
# Native memory allocation (malloc) failed to allocate 32744 bytes for ChunkPool::allocate
# Possible reasons:
#   The system is out of physical RAM or swap space
#   The process is running with CompressedOops enabled, and the Java Heap may be blocking the growth of the native heap
# Possible solutions:
#   Reduce memory load on the system
#   Increase physical memory or swap space
#   Check if swap backing store is full
#   Decrease Java heap size (-Xmx/-Xms)
#   Decrease number of Java threads
#   Decrease Java thread stack sizes (-Xss)
#   Set larger code cache with -XX:ReservedCodeCacheSize=
#   JVM is running with Unscaled Compressed Oops mode in which the Java heap is
#     placed in the first 4GB address space. The Java Heap base address is the
#     maximum limit for the native heap growth. Please use -XX:HeapBaseMinAddress
#     to set the Java Heap base and to place the Java Heap above 4GB virtual address.
# This output file may be truncated or incomplete.
#
#  Out of Memory Error (arena.cpp:78), pid=1892, tid=268
#
# JRE version: Java(TM) SE Runtime Environment (17.0.4+11) (build 17.0.4+11-LTS-179)
# Java VM: Java HotSpot(TM) 64-Bit Server VM (17.0.4+11-LTS-179, mixed mode, emulated-client, tiered, compressed oops, compressed class ptrs, g1 gc, windows-amd64)
# No core dump will be written. Minidumps are not enabled by default on client versions of Windows
#

---------------  S U M M A R Y ------------

Command Line: -XX:TieredStopAtLevel=1 -Dspring.output.ansi.enabled=always -Dcom.sun.management.jmxremote -Dspring.jmx.enabled=true -Dspring.liveBeansView.mbeanDomain -Dspring.application.admin.enabled=true -Dmanagement.endpoints.jmx.exposure.include=* -javaagent:C:\Program Files\JetBrains\IntelliJ IDEA 2023.2.3\lib\idea_rt.jar=52098:C:\Program Files\JetBrains\IntelliJ IDEA 2023.2.3\bin -Dfile.encoding=UTF-8 co.edu.uniquindio.proyecto.ProyectoFinalAvanzadaApplication

Host: AMD Ryzen 3 2300U with Radeon Vega Mobile Gfx  , 4 cores, 3G,  Windows 11 , 64 bit Build 22621 (10.0.22621.3570)
Time: Wed May 15 09:58:50 2024 Hora est. Pacífico, Sudamérica elapsed time: 0.942053 seconds (0d 0h 0m 0s)

---------------  T H R E A D  ---------------

Current thread (0x000001c8cfeed960):  JavaThread "C1 CompilerThread0" daemon [_thread_in_native, id=268, stack(0x00000050e0200000,0x00000050e0300000)]


Current CompileTask:
C1:    942  425       1       jdk.internal.org.objectweb.asm.Frame::execute (2305 bytes)

Stack: [0x00000050e0200000,0x00000050e0300000]
Native frames: (J=compiled Java code, j=interpreted, Vv=VM code, C=native code)
V  [jvm.dll+0x6723da]
V  [jvm.dll+0x7d1f74]
V  [jvm.dll+0x7d371e]
V  [jvm.dll+0x7d3d83]
V  [jvm.dll+0x242ed5]
V  [jvm.dll+0xaa7c0]
V  [jvm.dll+0xaab0c]
V  [jvm.dll+0x18daa0]
V  [jvm.dll+0x140717]
V  [jvm.dll+0x13e4da]
V  [jvm.dll+0x13c71c]
V  [jvm.dll+0x1451cd]
V  [jvm.dll+0x1446f5]
V  [jvm.dll+0x13bf7e]
V  [jvm.dll+0x13e535]
V  [jvm.dll+0x13c814]
V  [jvm.dll+0x1451cd]
V  [jvm.dll+0x1446f5]
V  [jvm.dll+0x13bf7e]
V  [jvm.dll+0x13e535]
V  [jvm.dll+0x13c814]
V  [jvm.dll+0x1367af]
V  [jvm.dll+0x146326]
V  [jvm.dll+0x131ea0]
V  [jvm.dll+0x132200]
V  [jvm.dll+0x1324c6]
V  [jvm.dll+0x13195a]
V  [jvm.dll+0x133621]
V  [jvm.dll+0x224c78]
V  [jvm.dll+0x222de5]
V  [jvm.dll+0x787a5b]
V  [jvm.dll+0x78201a]
V  [jvm.dll+0x671265]
C  [ucrtbase.dll+0x29333]
C  [KERNEL32.DLL+0x1257d]
C  [ntdll.dll+0x5aa48]


---------------  P R O C E S S  ---------------

Threads class SMR info:
_java_thread_list=0x000001c8d0ae2610, length=13, elements={
0x000001c8c1265dc0, 0x000001c8cfecd670, 0x000001c8cfecfaa0, 0x000001c8cfea4fd0,
0x000001c8cfea5890, 0x000001c8cfedfff0, 0x000001c8cfee1460, 0x000001c8cfeed960,
0x000001c8cfef4b80, 0x000001c8d09ccb50, 0x000001c8d0a725c0, 0x000001c8d0ecfdc0,
0x000001c8d0ed0290
}

Java Threads: ( => current thread )
  0x000001c8c1265dc0 JavaThread "main" [_thread_in_vm, id=9232, stack(0x00000050df500000,0x00000050df600000)]
  0x000001c8cfecd670 JavaThread "Reference Handler" daemon [_thread_blocked, id=13376, stack(0x00000050dfc00000,0x00000050dfd00000)]
  0x000001c8cfecfaa0 JavaThread "Finalizer" daemon [_thread_blocked, id=3436, stack(0x00000050dfd00000,0x00000050dfe00000)]
  0x000001c8cfea4fd0 JavaThread "Signal Dispatcher" daemon [_thread_blocked, id=3684, stack(0x00000050dfe00000,0x00000050dff00000)]
  0x000001c8cfea5890 JavaThread "Attach Listener" daemon [_thread_blocked, id=8472, stack(0x00000050dff00000,0x00000050e0000000)]
  0x000001c8cfedfff0 JavaThread "Service Thread" daemon [_thread_blocked, id=8344, stack(0x00000050e0000000,0x00000050e0100000)]
  0x000001c8cfee1460 JavaThread "Monitor Deflation Thread" daemon [_thread_blocked, id=10560, stack(0x00000050e0100000,0x00000050e0200000)]
=>0x000001c8cfeed960 JavaThread "C1 CompilerThread0" daemon [_thread_in_native, id=268, stack(0x00000050e0200000,0x00000050e0300000)]
  0x000001c8cfef4b80 JavaThread "Sweeper thread" daemon [_thread_blocked, id=13008, stack(0x00000050e0300000,0x00000050e0400000)]
  0x000001c8d09ccb50 JavaThread "Common-Cleaner" daemon [_thread_blocked, id=12876, stack(0x00000050e0400000,0x00000050e0500000)]
  0x000001c8d0a725c0 JavaThread "C1 CompilerThread1" daemon [_thread_in_vm, id=14608, stack(0x00000050e0500000,0x00000050e0600000)]
  0x000001c8d0ecfdc0 JavaThread "Monitor Ctrl-Break" daemon [_thread_in_native, id=14484, stack(0x00000050e0600000,0x00000050e0700000)]
  0x000001c8d0ed0290 JavaThread "Notification Thread" daemon [_thread_blocked, id=7764, stack(0x00000050e0700000,0x00000050e0800000)]

Other Threads:
  0x000001c8cfe49570 VMThread "VM Thread" [stack: 0x00000050dfb00000,0x00000050dfc00000] [id=12796]
  0x000001c8c12a07e0 GCTaskThread "GC Thread#0" [stack: 0x00000050df600000,0x00000050df700000] [id=6300]
  0x000001c8c12a94f0 ConcurrentGCThread "G1 Main Marker" [stack: 0x00000050df700000,0x00000050df800000] [id=1696]
  0x000001c8c12a9e00 ConcurrentGCThread "G1 Conc#0" [stack: 0x00000050df800000,0x00000050df900000] [id=5544]
  0x000001c8c12e5da0 ConcurrentGCThread "G1 Refine#0" [stack: 0x00000050df900000,0x00000050dfa00000] [id=9936]
  0x000001c8c12e66c0 ConcurrentGCThread "G1 Service" [stack: 0x00000050dfa00000,0x00000050dfb00000] [id=4328]

Threads with active compile tasks:
C1 CompilerThread0      978  425       1       jdk.internal.org.objectweb.asm.Frame::execute (2305 bytes)
C1 CompilerThread1      978  430       1       java.lang.invoke.MemberName::getMethodOrFieldType (72 bytes)

VM state: not at safepoint (normal execution)

VM Mutex/Monitor currently owned by a thread:  ([mutex/lock_event])
[0x000001c8c1263980] Metaspace_lock - owner thread: 0x000001c8c1265dc0

Heap address: 0x00000000c8a00000, size: 886 MB, Compressed Oops mode: 32-bit

CDS archive(s) not mapped
Compressed class space mapped at: 0x0000000100000000-0x0000000140000000, reserved size: 1073741824
Narrow klass base: 0x0000000000000000, Narrow klass shift: 3, Narrow klass range: 0x140000000

GC Precious Log:
 CPUs: 4 total, 4 available
 Memory: 3539M
 Large Page Support: Disabled
 NUMA Support: Disabled
 Compressed Oops: Enabled (32-bit)
 Heap Region Size: 1M
 Heap Min Capacity: 8M
 Heap Initial Capacity: 56M
 Heap Max Capacity: 886M
 Pre-touch: Disabled
 Parallel Workers: 4
 Concurrent Workers: 1
 Concurrent Refinement Workers: 4
 Periodic GC: Disabled

Heap:
 garbage-first heap   total 57344K, used 7168K [0x00000000c8a00000, 0x0000000100000000)
  region size 1024K, 8 young (8192K), 0 survivors (0K)
 Metaspace       used 8757K, committed 8896K, reserved 1056768K
  class space    used 809K, committed 896K, reserved 1048576K

Heap Regions: E=young(eden), S=young(survivor), O=old, HS=humongous(starts), HC=humongous(continues), CS=collection set, F=free, OA=open archive, CA=closed archive, TAMS=top-at-mark-start (previous, next)
|   0|0x00000000c8a00000, 0x00000000c8a00000, 0x00000000c8b00000|  0%| F|  |TAMS 0x00000000c8a00000, 0x00000000c8a00000| Untracked 
|   1|0x00000000c8b00000, 0x00000000c8b00000, 0x00000000c8c00000|  0%| F|  |TAMS 0x00000000c8b00000, 0x00000000c8b00000| Untracked 
|   2|0x00000000c8c00000, 0x00000000c8c00000, 0x00000000c8d00000|  0%| F|  |TAMS 0x00000000c8c00000, 0x00000000c8c00000| Untracked 
|   3|0x00000000c8d00000, 0x00000000c8d00000, 0x00000000c8e00000|  0%| F|  |TAMS 0x00000000c8d00000, 0x00000000c8d00000| Untracked 
|   4|0x00000000c8e00000, 0x00000000c8e00000, 0x00000000c8f00000|  0%| F|  |TAMS 0x00000000c8e00000, 0x00000000c8e00000| Untracked 
|   5|0x00000000c8f00000, 0x00000000c8f00000, 0x00000000c9000000|  0%| F|  |TAMS 0x00000000c8f00000, 0x00000000c8f00000| Untracked 
|   6|0x00000000c9000000, 0x00000000c9000000, 0x00000000c9100000|  0%| F|  |TAMS 0x00000000c9000000, 0x00000000c9000000| Untracked 
|   7|0x00000000c9100000, 0x00000000c9100000, 0x00000000c9200000|  0%| F|  |TAMS 0x00000000c9100000, 0x00000000c9100000| Untracked 
|   8|0x00000000c9200000, 0x00000000c9200000, 0x00000000c9300000|  0%| F|  |TAMS 0x00000000c9200000, 0x00000000c9200000| Untracked 
|   9|0x00000000c9300000, 0x00000000c9300000, 0x00000000c9400000|  0%| F|  |TAMS 0x00000000c9300000, 0x00000000c9300000| Untracked 
|  10|0x00000000c9400000, 0x00000000c9400000, 0x00000000c9500000|  0%| F|  |TAMS 0x00000000c9400000, 0x00000000c9400000| Untracked 
|  11|0x00000000c9500000, 0x00000000c9500000, 0x00000000c9600000|  0%| F|  |TAMS 0x00000000c9500000, 0x00000000c9500000| Untracked 
|  12|0x00000000c9600000, 0x00000000c9600000, 0x00000000c9700000|  0%| F|  |TAMS 0x00000000c9600000, 0x00000000c9600000| Untracked 
|  13|0x00000000c9700000, 0x00000000c9700000, 0x00000000c9800000|  0%| F|  |TAMS 0x00000000c9700000, 0x00000000c9700000| Untracked 
|  14|0x00000000c9800000, 0x00000000c9800000, 0x00000000c9900000|  0%| F|  |TAMS 0x00000000c9800000, 0x00000000c9800000| Untracked 
|  15|0x00000000c9900000, 0x00000000c9900000, 0x00000000c9a00000|  0%| F|  |TAMS 0x00000000c9900000, 0x00000000c9900000| Untracked 
|  16|0x00000000c9a00000, 0x00000000c9a00000, 0x00000000c9b00000|  0%| F|  |TAMS 0x00000000c9a00000, 0x00000000c9a00000| Untracked 
|  17|0x00000000c9b00000, 0x00000000c9b00000, 0x00000000c9c00000|  0%| F|  |TAMS 0x00000000c9b00000, 0x00000000c9b00000| Untracked 
|  18|0x00000000c9c00000, 0x00000000c9c00000, 0x00000000c9d00000|  0%| F|  |TAMS 0x00000000c9c00000, 0x00000000c9c00000| Untracked 
|  19|0x00000000c9d00000, 0x00000000c9d00000, 0x00000000c9e00000|  0%| F|  |TAMS 0x00000000c9d00000, 0x00000000c9d00000| Untracked 
|  20|0x00000000c9e00000, 0x00000000c9e00000, 0x00000000c9f00000|  0%| F|  |TAMS 0x00000000c9e00000, 0x00000000c9e00000| Untracked 
|  21|0x00000000c9f00000, 0x00000000c9f00000, 0x00000000ca000000|  0%| F|  |TAMS 0x00000000c9f00000, 0x00000000c9f00000| Untracked 
|  22|0x00000000ca000000, 0x00000000ca000000, 0x00000000ca100000|  0%| F|  |TAMS 0x00000000ca000000, 0x00000000ca000000| Untracked 
|  23|0x00000000ca100000, 0x00000000ca100000, 0x00000000ca200000|  0%| F|  |TAMS 0x00000000ca100000, 0x00000000ca100000| Untracked 
|  24|0x00000000ca200000, 0x00000000ca200000, 0x00000000ca300000|  0%| F|  |TAMS 0x00000000ca200000, 0x00000000ca200000| Untracked 
|  25|0x00000000ca300000, 0x00000000ca300000, 0x00000000ca400000|  0%| F|  |TAMS 0x00000000ca300000, 0x00000000ca300000| Untracked 
|  26|0x00000000ca400000, 0x00000000ca400000, 0x00000000ca500000|  0%| F|  |TAMS 0x00000000ca400000, 0x00000000ca400000| Untracked 
|  27|0x00000000ca500000, 0x00000000ca500000, 0x00000000ca600000|  0%| F|  |TAMS 0x00000000ca500000, 0x00000000ca500000| Untracked 
|  28|0x00000000ca600000, 0x00000000ca600000, 0x00000000ca700000|  0%| F|  |TAMS 0x00000000ca600000, 0x00000000ca600000| Untracked 
|  29|0x00000000ca700000, 0x00000000ca700000, 0x00000000ca800000|  0%| F|  |TAMS 0x00000000ca700000, 0x00000000ca700000| Untracked 
|  30|0x00000000ca800000, 0x00000000ca800000, 0x00000000ca900000|  0%| F|  |TAMS 0x00000000ca800000, 0x00000000ca800000| Untracked 
|  31|0x00000000ca900000, 0x00000000ca900000, 0x00000000caa00000|  0%| F|  |TAMS 0x00000000ca900000, 0x00000000ca900000| Untracked 
|  32|0x00000000caa00000, 0x00000000caa00000, 0x00000000cab00000|  0%| F|  |TAMS 0x00000000caa00000, 0x00000000caa00000| Untracked 
|  33|0x00000000cab00000, 0x00000000cab00000, 0x00000000cac00000|  0%| F|  |TAMS 0x00000000cab00000, 0x00000000cab00000| Untracked 
|  34|0x00000000cac00000, 0x00000000cac00000, 0x00000000cad00000|  0%| F|  |TAMS 0x00000000cac00000, 0x00000000cac00000| Untracked 
|  35|0x00000000cad00000, 0x00000000cad00000, 0x00000000cae00000|  0%| F|  |TAMS 0x00000000cad00000, 0x00000000cad00000| Untracked 
|  36|0x00000000cae00000, 0x00000000cae00000, 0x00000000caf00000|  0%| F|  |TAMS 0x00000000cae00000, 0x00000000cae00000| Untracked 
|  37|0x00000000caf00000, 0x00000000caf00000, 0x00000000cb000000|  0%| F|  |TAMS 0x00000000caf00000, 0x00000000caf00000| Untracked 
|  38|0x00000000cb000000, 0x00000000cb000000, 0x00000000cb100000|  0%| F|  |TAMS 0x00000000cb000000, 0x00000000cb000000| Untracked 
|  39|0x00000000cb100000, 0x00000000cb100000, 0x00000000cb200000|  0%| F|  |TAMS 0x00000000cb100000, 0x00000000cb100000| Untracked 
|  40|0x00000000cb200000, 0x00000000cb200000, 0x00000000cb300000|  0%| F|  |TAMS 0x00000000cb200000, 0x00000000cb200000| Untracked 
|  41|0x00000000cb300000, 0x00000000cb300000, 0x00000000cb400000|  0%| F|  |TAMS 0x00000000cb300000, 0x00000000cb300000| Untracked 
|  42|0x00000000cb400000, 0x00000000cb400000, 0x00000000cb500000|  0%| F|  |TAMS 0x00000000cb400000, 0x00000000cb400000| Untracked 
|  43|0x00000000cb500000, 0x00000000cb500000, 0x00000000cb600000|  0%| F|  |TAMS 0x00000000cb500000, 0x00000000cb500000| Untracked 
|  44|0x00000000cb600000, 0x00000000cb600000, 0x00000000cb700000|  0%| F|  |TAMS 0x00000000cb600000, 0x00000000cb600000| Untracked 
|  45|0x00000000cb700000, 0x00000000cb700000, 0x00000000cb800000|  0%| F|  |TAMS 0x00000000cb700000, 0x00000000cb700000| Untracked 
|  46|0x00000000cb800000, 0x00000000cb800000, 0x00000000cb900000|  0%| F|  |TAMS 0x00000000cb800000, 0x00000000cb800000| Untracked 
|  47|0x00000000cb900000, 0x00000000cb900000, 0x00000000cba00000|  0%| F|  |TAMS 0x00000000cb900000, 0x00000000cb900000| Untracked 
|  48|0x00000000cba00000, 0x00000000cba43120, 0x00000000cbb00000| 26%| E|  |TAMS 0x00000000cba00000, 0x00000000cba00000| Complete 
|  49|0x00000000cbb00000, 0x00000000cbc00000, 0x00000000cbc00000|100%| E|CS|TAMS 0x00000000cbb00000, 0x00000000cbb00000| Complete 
|  50|0x00000000cbc00000, 0x00000000cbd00000, 0x00000000cbd00000|100%| E|CS|TAMS 0x00000000cbc00000, 0x00000000cbc00000| Complete 
|  51|0x00000000cbd00000, 0x00000000cbe00000, 0x00000000cbe00000|100%| E|CS|TAMS 0x00000000cbd00000, 0x00000000cbd00000| Complete 
|  52|0x00000000cbe00000, 0x00000000cbf00000, 0x00000000cbf00000|100%| E|CS|TAMS 0x00000000cbe00000, 0x00000000cbe00000| Complete 
|  53|0x00000000cbf00000, 0x00000000cc000000, 0x00000000cc000000|100%| E|CS|TAMS 0x00000000cbf00000, 0x00000000cbf00000| Complete 
|  54|0x00000000cc000000, 0x00000000cc100000, 0x00000000cc100000|100%| E|CS|TAMS 0x00000000cc000000, 0x00000000cc000000| Complete 
|  55|0x00000000cc100000, 0x00000000cc200000, 0x00000000cc200000|100%| E|CS|TAMS 0x00000000cc100000, 0x00000000cc100000| Complete 

Card table byte_map: [0x000001c8cbab0000,0x000001c8cbc70000] _byte_map_base: 0x000001c8cb46b000

Marking Bits (Prev, Next): (CMBitMap*) 0x000001c8c12a1d00, (CMBitMap*) 0x000001c8c12a1d40
 Prev Bits: [0x000001c8cbe30000, 0x000001c8ccc08000)
 Next Bits: [0x000001c8ccc10000, 0x000001c8cd9e8000)

Polling page: 0x000001c8bf3e0000

Metaspace:

Usage:
  Non-class:      7.76 MB used.
      Class:    809.59 KB used.
       Both:      8.55 MB used.

Virtual space:
  Non-class space:        8.00 MB reserved,       7.81 MB ( 98%) committed,  1 nodes.
      Class space:        1.00 GB reserved,     896.00 KB ( <1%) committed,  1 nodes.
             Both:        1.01 GB reserved,       8.69 MB ( <1%) committed. 

Chunk freelists:
   Non-Class:  106.00 KB
       Class:  3.11 MB
        Both:  3.21 MB

MaxMetaspaceSize: unlimited
CompressedClassSpaceSize: 1.00 GB
Initial GC threshold: 21.00 MB
Current GC threshold: 21.00 MB
CDS: off
MetaspaceReclaimPolicy: balanced
 - commit_granule_bytes: 65536.
 - commit_granule_words: 8192.
 - virtual_space_node_default_size: 1048576.
 - enlarge_chunks_in_place: 1.
 - new_chunks_are_fully_committed: 0.
 - uncommit_free_chunks: 1.
 - use_allocation_guard: 0.
 - handle_deallocations: 1.


Internal statistics:

num_allocs_failed_limit: 0.
num_arena_births: 30.
num_arena_deaths: 0.
num_vsnodes_births: 2.
num_vsnodes_deaths: 0.
num_space_committed: 139.
num_space_uncommitted: 0.
num_chunks_returned_to_freelist: 0.
num_chunks_taken_from_freelist: 53.
num_chunk_merges: 0.
num_chunk_splits: 26.
num_chunks_enlarged: 14.
num_purges: 0.
num_inconsistent_stats: 0.

CodeCache: size=49152Kb used=2183Kb max_used=2183Kb free=46968Kb
 bounds [0x000001c8c8ab0000, 0x000001c8c8d20000, 0x000001c8cbab0000]
 total_blobs=835 nmethods=430 adapters=332
 compilation: enabled
              stopped_count=0, restarted_count=0
 full_count=0

Compilation events (20 events):
Event: 0.930 Thread 0x000001c8d0a725c0 nmethod 406 0x000001c8c8ccc590 code [0x000001c8c8ccc720, 0x000001c8c8ccc7f8]
Event: 0.931 Thread 0x000001c8cfeed960  407       1       java.util.Arrays::copyOf (40 bytes)
Event: 0.931 Thread 0x000001c8cfeed960 nmethod 407 0x000001c8c8ccce90 code [0x000001c8c8ccd060, 0x000001c8c8ccd3e8]
Event: 0.931 Thread 0x000001c8cfeed960  410       1       java.lang.invoke.LambdaForm$Name::initIndex (26 bytes)
Event: 0.931 Thread 0x000001c8cfeed960 nmethod 410 0x000001c8c8ccd590 code [0x000001c8c8ccd720, 0x000001c8c8ccd838]
Event: 0.933 Thread 0x000001c8d0a725c0  411       1       java.lang.invoke.MemberName::isStatic (8 bytes)
Event: 0.933 Thread 0x000001c8d0a725c0 nmethod 411 0x000001c8c8ccd890 code [0x000001c8c8ccda20, 0x000001c8c8ccdaf8]
Event: 0.934 Thread 0x000001c8cfeed960  414       1       jdk.internal.org.objectweb.asm.SymbolTable::addConstantClass (8 bytes)
Event: 0.934 Thread 0x000001c8d0a725c0  415       1       jdk.internal.org.objectweb.asm.SymbolTable::addConstantUtf8Reference (101 bytes)
Event: 0.934 Thread 0x000001c8cfeed960 nmethod 414 0x000001c8c8cce190 code [0x000001c8c8cce320, 0x000001c8c8cce408]
Event: 0.934 Thread 0x000001c8d0a725c0 nmethod 415 0x000001c8c8cce490 code [0x000001c8c8cce680, 0x000001c8c8ccea18]
Event: 0.935 Thread 0x000001c8d0a725c0  418       1       java.lang.invoke.MemberName::isConstructor (8 bytes)
Event: 0.935 Thread 0x000001c8d0a725c0 nmethod 418 0x000001c8c8ccf610 code [0x000001c8c8ccf7a0, 0x000001c8c8ccf898]
Event: 0.935 Thread 0x000001c8cfeed960  420       1       java.lang.Number::<init> (5 bytes)
Event: 0.935 Thread 0x000001c8d0a725c0  421       1       java.lang.Long::<init> (10 bytes)
Event: 0.935 Thread 0x000001c8cfeed960 nmethod 420 0x000001c8c8ccf910 code [0x000001c8c8ccfaa0, 0x000001c8c8ccfb58]
Event: 0.935 Thread 0x000001c8d0a725c0 nmethod 421 0x000001c8c8ccfc10 code [0x000001c8c8ccfda0, 0x000001c8c8ccfe78]
Event: 0.936 Thread 0x000001c8d0a725c0  423       1       java.lang.invoke.MemberName::isResolved (13 bytes)
Event: 0.936 Thread 0x000001c8d0a725c0 nmethod 423 0x000001c8c8cd0210 code [0x000001c8c8cd03a0, 0x000001c8c8cd0478]
Event: 0.937 Thread 0x000001c8cfeed960  425       1       jdk.internal.org.objectweb.asm.Frame::execute (2305 bytes)

GC Heap History (0 events):
No events

Deoptimization events (0 events):
No events

Classes unloaded (0 events):
No events

Classes redefined (0 events):
No events

Internal exceptions (4 events):
Event: 0.713 Thread 0x000001c8d0ecfdc0 Exception <a 'java/lang/NoSuchMethodError'{0x00000000cbb8a010}: 'java.lang.Object java.lang.invoke.DirectMethodHandle$Holder.invokeStaticInit(java.lang.Object)'> (0x00000000cbb8a010) 
thrown [s\open\src\hotspot\share\interpreter\linkResolver.cpp, line 759]
Event: 0.746 Thread 0x000001c8d0ecfdc0 Exception <a 'java/lang/NoSuchMethodError'{0x00000000cbb974f0}: 'void java.lang.invoke.DirectMethodHandle$Holder.invokeStatic(java.lang.Object, java.lang.Object)'> (0x00000000cbb974f0) 
thrown [s\open\src\hotspot\share\interpreter\linkResolver.cpp, line 759]
Event: 0.890 Thread 0x000001c8c1265dc0 Exception <a 'java/lang/NoSuchMethodError'{0x00000000cbb7e5b0}: 'int java.lang.invoke.DirectMethodHandle$Holder.invokeInterface(java.lang.Object, java.lang.Object)'> (0x00000000cbb7e5b0) 
thrown [s\open\src\hotspot\share\interpreter\linkResolver.cpp, line 759]
Event: 0.891 Thread 0x000001c8c1265dc0 Exception <a 'java/lang/IncompatibleClassChangeError'{0x00000000cbb81bb0}: Found class java.lang.Object, but interface was expected> (0x00000000cbb81bb0) 
thrown [s\open\src\hotspot\share\interpreter\linkResolver.cpp, line 826]

VM Operations (6 events):
Event: 0.336 Executing VM operation: HandshakeAllThreads
Event: 0.336 Executing VM operation: HandshakeAllThreads done
Event: 0.701 Executing VM operation: HandshakeAllThreads
Event: 0.702 Executing VM operation: HandshakeAllThreads done
Event: 0.902 Executing VM operation: HandshakeAllThreads
Event: 0.902 Executing VM operation: HandshakeAllThreads done

Events (20 events):
Event: 0.925 loading class sun/reflect/generics/tree/ClassSignature done
Event: 0.925 loading class sun/reflect/generics/tree/TypeVariableSignature
Event: 0.925 loading class sun/reflect/generics/tree/TypeVariableSignature done
Event: 0.925 loading class java/lang/reflect/TypeVariable
Event: 0.925 loading class java/lang/reflect/TypeVariable done
Event: 0.925 loading class sun/reflect/generics/reflectiveObjects/TypeVariableImpl
Event: 0.926 loading class sun/reflect/generics/reflectiveObjects/LazyReflectiveObjectGenerator
Event: 0.926 loading class sun/reflect/generics/reflectiveObjects/LazyReflectiveObjectGenerator done
Event: 0.926 loading class sun/reflect/generics/reflectiveObjects/TypeVariableImpl done
Event: 0.926 loading class java/lang/reflect/GenericArrayType
Event: 0.926 loading class java/lang/reflect/GenericArrayType done
Event: 0.932 loading class java/lang/invoke/BoundMethodHandle$Species_LLL
Event: 0.933 loading class java/lang/invoke/BoundMethodHandle$Species_LLL done
Event: 0.935 loading class java/lang/Long$LongCache
Event: 0.935 loading class java/lang/Long$LongCache done
Event: 0.935 loading class java/lang/invoke/MethodHandles$1
Event: 0.936 loading class java/lang/invoke/MethodHandles$1 done
Event: 0.936 loading class java/lang/invoke/BoundMethodHandle$Species_LJ
Event: 0.936 loading class java/lang/invoke/BoundMethodHandle$Species_LJ done
Event: 0.938 loading class java/lang/invoke/BoundMethodHandle$Species_LLLL


Dynamic libraries:
0x00007ff683840000 - 0x00007ff683850000 	C:\Program Files\Java\jdk-17.0.4\bin\java.exe
0x00007ff878290000 - 0x00007ff8784a7000 	C:\WINDOWS\SYSTEM32\ntdll.dll
0x00007ff8763e0000 - 0x00007ff8764a4000 	C:\WINDOWS\System32\KERNEL32.DLL
0x00007ff875840000 - 0x00007ff875bec000 	C:\WINDOWS\System32\KERNELBASE.dll
0x00007ff875de0000 - 0x00007ff875ef1000 	C:\WINDOWS\System32\ucrtbase.dll
0x00007ff85e2e0000 - 0x00007ff85e2fa000 	C:\Program Files\Java\jdk-17.0.4\bin\VCRUNTIME140.dll
0x00007ff869e30000 - 0x00007ff869e48000 	C:\Program Files\Java\jdk-17.0.4\bin\jli.dll
0x00007ff875fc0000 - 0x00007ff876072000 	C:\WINDOWS\System32\ADVAPI32.dll
0x00007ff877ce0000 - 0x00007ff877d87000 	C:\WINDOWS\System32\msvcrt.dll
0x00007ff877da0000 - 0x00007ff877e48000 	C:\WINDOWS\System32\sechost.dll
0x00007ff875bf0000 - 0x00007ff875c18000 	C:\WINDOWS\System32\bcrypt.dll
0x00007ff8777a0000 - 0x00007ff8778b5000 	C:\WINDOWS\System32\RPCRT4.dll
0x00007ff876500000 - 0x00007ff8766ae000 	C:\WINDOWS\System32\USER32.dll
0x00007ff875c90000 - 0x00007ff875cb6000 	C:\WINDOWS\System32\win32u.dll
0x00007ff8778c0000 - 0x00007ff8778e9000 	C:\WINDOWS\System32\GDI32.dll
0x00007ff8755b0000 - 0x00007ff8756c9000 	C:\WINDOWS\System32\gdi32full.dll
0x00007ff875cc0000 - 0x00007ff875d5a000 	C:\WINDOWS\System32\msvcp_win.dll
0x00007ff874880000 - 0x00007ff874b13000 	C:\WINDOWS\WinSxS\amd64_microsoft.windows.common-controls_6595b64144ccf1df_6.0.22621.3566_none_27125e8b73837631\COMCTL32.dll
0x00007ff8719b0000 - 0x00007ff8719ba000 	C:\WINDOWS\SYSTEM32\VERSION.dll
0x00007ff877a30000 - 0x00007ff877a61000 	C:\WINDOWS\System32\IMM32.DLL
0x00007ff85d5a0000 - 0x00007ff85d5ac000 	C:\Program Files\Java\jdk-17.0.4\bin\vcruntime140_1.dll
0x00007ff858a50000 - 0x00007ff858add000 	C:\Program Files\Java\jdk-17.0.4\bin\msvcp140.dll
0x00007ff801860000 - 0x00007ff802422000 	C:\Program Files\Java\jdk-17.0.4\bin\server\jvm.dll
0x00007ff878240000 - 0x00007ff878248000 	C:\WINDOWS\System32\PSAPI.DLL
0x00007ff86cfb0000 - 0x00007ff86cfe4000 	C:\WINDOWS\SYSTEM32\WINMM.dll
0x00007ff85acd0000 - 0x00007ff85acd9000 	C:\WINDOWS\SYSTEM32\WSOCK32.dll
0x00007ff8779b0000 - 0x00007ff877a21000 	C:\WINDOWS\System32\WS2_32.dll
0x00007ff873680000 - 0x00007ff873698000 	C:\WINDOWS\SYSTEM32\kernel.appcore.dll
0x00007ff85d4d0000 - 0x00007ff85d4da000 	C:\Program Files\Java\jdk-17.0.4\bin\jimage.dll
0x00007ff874e10000 - 0x00007ff875043000 	C:\WINDOWS\SYSTEM32\DBGHELP.DLL
0x00007ff877eb0000 - 0x00007ff878238000 	C:\WINDOWS\System32\combase.dll
0x00007ff877c00000 - 0x00007ff877cd7000 	C:\WINDOWS\System32\OLEAUT32.dll
0x00007ff874d00000 - 0x00007ff874d32000 	C:\WINDOWS\SYSTEM32\dbgcore.DLL
0x00007ff875d60000 - 0x00007ff875dd9000 	C:\WINDOWS\System32\bcryptPrimitives.dll
0x00007ff85d2a0000 - 0x00007ff85d2ae000 	C:\Program Files\Java\jdk-17.0.4\bin\instrument.dll
0x00007ff85a340000 - 0x00007ff85a365000 	C:\Program Files\Java\jdk-17.0.4\bin\java.dll
0x00007ff850e90000 - 0x00007ff850f66000 	C:\Program Files\Java\jdk-17.0.4\bin\jsvml.dll
0x00007ff876f20000 - 0x00007ff87777e000 	C:\WINDOWS\System32\SHELL32.dll
0x00007ff872580000 - 0x00007ff872e77000 	C:\WINDOWS\SYSTEM32\windows.storage.dll
0x00007ff872440000 - 0x00007ff87257f000 	C:\WINDOWS\SYSTEM32\wintypes.dll
0x00007ff877b00000 - 0x00007ff877bf5000 	C:\WINDOWS\System32\SHCORE.dll
0x00007ff8766b0000 - 0x00007ff87670e000 	C:\WINDOWS\System32\shlwapi.dll
0x00007ff8754e0000 - 0x00007ff875501000 	C:\WINDOWS\SYSTEM32\profapi.dll
0x00007ff859fc0000 - 0x00007ff859fd8000 	C:\Program Files\Java\jdk-17.0.4\bin\zip.dll
0x00007ff84e760000 - 0x00007ff84e779000 	C:\Program Files\Java\jdk-17.0.4\bin\net.dll
0x00007ff86d850000 - 0x00007ff86d986000 	C:\WINDOWS\SYSTEM32\WINHTTP.dll
0x00007ff873bf0000 - 0x00007ff873c59000 	C:\WINDOWS\system32\mswsock.dll
0x00007ff84e740000 - 0x00007ff84e756000 	C:\Program Files\Java\jdk-17.0.4\bin\nio.dll
0x00007ff85c2b0000 - 0x00007ff85c2ca000 	C:\Program Files\JetBrains\IntelliJ IDEA 2023.2.3\bin\breakgen64.dll
0x00007ff8731a0000 - 0x00007ff873299000 	C:\WINDOWS\SYSTEM32\DNSAPI.dll
0x00007ff873120000 - 0x00007ff87314d000 	C:\WINDOWS\SYSTEM32\IPHLPAPI.DLL
0x00007ff8778f0000 - 0x00007ff8778f9000 	C:\WINDOWS\System32\NSI.dll
0x00007ff86da20000 - 0x00007ff86da2a000 	C:\Windows\System32\rasadhlp.dll
0x00007ff869f30000 - 0x00007ff869fb3000 	C:\WINDOWS\System32\fwpuclnt.dll
0x00007ff858a20000 - 0x00007ff858a29000 	C:\Program Files\Java\jdk-17.0.4\bin\management.dll
0x00007ff8529b0000 - 0x00007ff8529bb000 	C:\Program Files\Java\jdk-17.0.4\bin\management_ext.dll

dbghelp: loaded successfully - version: 4.0.5 - missing functions: none
symbol engine: initialized successfully - sym options: 0x614 - pdb path: .;C:\Program Files\Java\jdk-17.0.4\bin;C:\WINDOWS\SYSTEM32;C:\WINDOWS\WinSxS\amd64_microsoft.windows.common-controls_6595b64144ccf1df_6.0.22621.3566_none_27125e8b73837631;C:\Program Files\Java\jdk-17.0.4\bin\server;C:\Program Files\JetBrains\IntelliJ IDEA 2023.2.3\bin

VM Arguments:
jvm_args: -XX:TieredStopAtLevel=1 -Dspring.output.ansi.enabled=always -Dcom.sun.management.jmxremote -Dspring.jmx.enabled=true -Dspring.liveBeansView.mbeanDomain -Dspring.application.admin.enabled=true -Dmanagement.endpoints.jmx.exposure.include=* -javaagent:C:\Program Files\JetBrains\IntelliJ IDEA 2023.2.3\lib\idea_rt.jar=52098:C:\Program Files\JetBrains\IntelliJ IDEA 2023.2.3\bin -Dfile.encoding=UTF-8 
java_command: co.edu.uniquindio.proyecto.ProyectoFinalAvanzadaApplication
java_class_path (initial): C:\Users\David\IdeaProjects\Proyecto_final_avanzada\build\classes\java\main;C:\Users\David\IdeaProjects\Proyecto_final_avanzada\build\resources\main;C:\Users\David\.gradle\caches\modules-2\files-2.1\org.projectlombok\lombok\1.18.30\f195ee86e6c896ea47a1d39defbe20eb59cd149d\lombok-1.18.30.jar;C:\Users\David\.gradle\caches\modules-2\files-2.1\org.springframework.boot\spring-boot-starter-data-mongodb\3.2.2\690131c078e7ab5258f11a2816c0f1b433e88a90\spring-boot-starter-data-mongodb-3.2.2.jar;C:\Users\David\.gradle\caches\modules-2\files-2.1\org.springframework.boot\spring-boot-starter-validation\3.2.2\faedd363ffbafde6a23bc7183ce79de11a96e780\spring-boot-starter-validation-3.2.2.jar;C:\Users\David\.gradle\caches\modules-2\files-2.1\org.springframework.boot\spring-boot-starter-web\3.2.2\b89d213d9f49c3e6247b2503ac7d94b0ac8260f6\spring-boot-starter-web-3.2.2.jar;C:\Users\David\.gradle\caches\modules-2\files-2.1\org.springframework.boot\spring-boot-starter-mail\3.2.2\22caa13d58241fa44466edc2a2587992a203791e\spring-boot-starter-mail-3.2.2.jar;C:\Users\David\.gradle\caches\modules-2\files-2.1\org.springdoc\springdoc-openapi-starter-webmvc-ui\2.3.0\b4af31e9d40539c94f8debbf760134d961333c24\springdoc-openapi-starter-webmvc-ui-2.3.0.jar;C:\Users\David\.gradle\caches\modules-2\files-2.1\org.springframework.boot\spring-boot-starter-actuator\3.2.2\bb329cb8813ad75e76baad30658b756f57c8f6fb\spring-boot-starter-actuator-3.2.2.jar;C:\Users\David\.gradle\caches\modules-2\files-2.1\com.cloudinary\cloudinary-http44\1.38.0\ae18750ae649784f69770a76e5fd3a885f7b1502\cloudinary-http44-1.38.0.jar;C:\Users\David\.gradle\caches\modules-2\files-2.1\org.springframework.security\spring-security-crypto\6.2.2\bd1b47ce6593b4d66a1f12e023b59dacc00db00a\spring-security-crypto-6.2.2.jar;C:\Users\David\.gradle\caches\modules-2\files-2.1\io.jsonwebtoken\jjwt-api\0.12.5\ea8243e36f16c2834ad69a048ed8a24aa9dd3e79\jjwt-api-0.12.5.jar;C:\Users\David\.gradle\caches\modules-2\files-2.1\org.spr
Launcher Type: SUN_STANDARD

[Global flags]
     intx CICompilerCount                          = 3                                         {product} {ergonomic}
     uint ConcGCThreads                            = 1                                         {product} {ergonomic}
     uint G1ConcRefinementThreads                  = 4                                         {product} {ergonomic}
   size_t G1HeapRegionSize                         = 1048576                                   {product} {ergonomic}
    uintx GCDrainStackTargetSize                   = 64                                        {product} {ergonomic}
   size_t InitialHeapSize                          = 58720256                                  {product} {ergonomic}
     bool ManagementServer                         = true                                      {product} {command line}
   size_t MarkStackSize                            = 4194304                                   {product} {ergonomic}
   size_t MaxHeapSize                              = 929038336                                 {product} {ergonomic}
   size_t MaxNewSize                               = 556793856                                 {product} {ergonomic}
   size_t MinHeapDeltaBytes                        = 1048576                                   {product} {ergonomic}
   size_t MinHeapSize                              = 8388608                                   {product} {ergonomic}
    uintx NonProfiledCodeHeapSize                  = 0                                      {pd product} {ergonomic}
     bool ProfileInterpreter                       = false                                  {pd product} {command line}
    uintx ProfiledCodeHeapSize                     = 0                                      {pd product} {ergonomic}
   size_t SoftMaxHeapSize                          = 929038336                              {manageable} {ergonomic}
     intx TieredStopAtLevel                        = 1                                         {product} {command line}
     bool UseCompressedClassPointers               = true                           {product lp64_product} {ergonomic}
     bool UseCompressedOops                        = true                           {product lp64_product} {ergonomic}
     bool UseG1GC                                  = true                                      {product} {ergonomic}
     bool UseLargePagesIndividualAllocation        = false                                  {pd product} {ergonomic}

Logging:
Log output configuration:
 #0: stdout all=warning uptime,level,tags
 #1: stderr all=off uptime,level,tags

Environment Variables:
JAVA_HOME=C:\Program Files\Java\jdk-17.0.4
PATH=C:\Python312\Scripts\;C:\Python312\;C:\app\Leo\product\21c\dbhomeXE\bin;C:\Python311\Scripts\;C:\Python311\;C:\Program Files\Common Files\Oracle\Java\javapath;C:\Program Files (x86)\Common Files\Oracle\Java\java8path;C:\Program Files (x86)\Common Files\Oracle\Java\javapath;C:\Python310\Scripts\;C:\Python310\;C:\WINDOWS\system32;C:\WINDOWS;C:\WINDOWS\System32\Wbem;C:\WINDOWS\System32\WindowsPowerShell\v1.0\;C:\WINDOWS\System32\OpenSSH\;C:\ProgramData\chocolatey\bin;C:\Program Files\Git\cmd;C:\Program Files\Git\mingw64\bin;C:\Program Files\Git\usr\bin;C:\ProgramData\ComposerSetup\bin;C:\php;C:\Program Files\Java\jdk-17.0.4\bin;C:\Program Files\Amazon\AWSCLIV2\;C:\Program Files\Java\apache-maven-3.9.5\bin;C:\Db_Sync-master\Db_Sync-master\Receiver;C:\Db_Sync-master\Db_Sync-master\Sender;C:\Program Files\Docker\Docker\resources\bin;C:\SQLite\sqlite-tools-win-x64-3440000;C:\sonarQube\sonar-scanner-5.0.1.3006-windows\bin;C:\Program Files\nodejs\;C:\Program Files\PowerShell\7\;C:\Program Files\MySQL\MySQL Shell 8.0\bin\;C:\Users\David\AppData\Local\Microsoft\WindowsApps;C:\Program Files\Multipass\bin;C:\Users\David\composer;C:\Users\David\AppData\Roaming\Composer\vendor\bin;C:\Users\David\AppData\Local\Programs\Microsoft VS Code\bin;C:\Program Files\heroku\bin;C:\Users\David\AppData\Local\GitHubDesktop\bin;C:\Program Files\JetBrains\IntelliJ IDEA 2023.2.3\bin;C:\SQLite\sqlite-tools-win-x64-3440000;C:\php;C:\Users\David\AppData\Roaming\npm
USERNAME=Leo
OS=Windows_NT
PROCESSOR_IDENTIFIER=AMD64 Family 23 Model 17 Stepping 0, AuthenticAMD



---------------  S Y S T E M  ---------------

OS:
 Windows 11 , 64 bit Build 22621 (10.0.22621.3570)
OS uptime: 0 days 0:42 hours
Hyper-V role detected

CPU: total 4 (initial active 4) (4 cores per cpu, 1 threads per core) family 23 model 17 stepping 0 microcode 0x0, cx8, cmov, fxsr, mmx, 3dnowpref, sse, sse2, sse3, ssse3, sse4a, sse4.1, sse4.2, popcnt, lzcnt, tsc, tscinvbit, avx, avx2, aes, clmul, bmi1, bmi2, adx, sha, fma, vzeroupper, clflush, clflushopt, hv

Memory: 4k page, system-wide physical 3539M (187M free)
TotalPageFile size 15539M (AvailPageFile size 0M)
current process WorkingSet (physical memory assigned to process): 40M, peak: 40M
current process commit charge ("private bytes"): 123M, peak: 123M

vm_info: Java HotSpot(TM) 64-Bit Server VM (17.0.4+11-LTS-179) for windows-amd64 JRE (17.0.4+11-LTS-179), built on Jun 28 2022 08:23:05 by "mach5one" with MS VC++ 16.8 / 16.9 (VS2019)

END.
